[0.000000] (-) TimerEvent: {}
[0.000303] (yolo_stereo) JobQueued: {'identifier': 'yolo_stereo', 'dependencies': OrderedDict()}
[0.000756] (yolo_stereo) JobStarted: {'identifier': 'yolo_stereo'}
[0.010658] (yolo_stereo) JobProgress: {'identifier': 'yolo_stereo', 'progress': 'cmake'}
[0.013808] (yolo_stereo) Command: {'cmd': ['/bin/cmake', '/Users/annabethpan/Documents/GitHub/AVC-Ros-humble/ros2-humble-ws/src/yolo_stereo', '-DCMAKE_INSTALL_PREFIX=/Users/annabethpan/Documents/GitHub/AVC-Ros-humble/ros2-humble-ws/install/yolo_stereo'], 'cwd': '/Users/annabethpan/Documents/GitHub/AVC-Ros-humble/ros2-humble-ws/build/yolo_stereo', 'env': OrderedDict([('TERM_SESSION_ID', 'F8805518-9F68-4CEF-84BF-7F1FAFE76B3B'), ('USER', 'annabethpan'), ('HOSTNAME', 'Annabeths-MacBook-Air.local'), ('XDG_CACHE_HOME', '/Users/annabethpan/.cache'), ('SHLVL', '4'), ('LD_LIBRARY_PATH', '/opt/ros/humble/opt/rviz_ogre_vendor/lib:/opt/ros/humble/lib/aarch64-linux-gnu:/opt/ros/humble/lib'), ('HOME', '/Users/annabethpan'), ('CONDA_SHLVL', '0'), ('OLDPWD', '/Users/annabethpan/Documents/GitHub/AVC-Ros-humble/ros2-humble-ws/my_opencv_demo/src'), ('TERM_PROGRAM_VERSION', '453'), ('ROS_PYTHON_VERSION', '3'), ('XDG_STATE_HOME', '/Users/annabethpan/.local/state'), ('DISTROBOX_ENTER_PATH', '/usr/local/bin/distrobox-enter'), ('container', 'podman'), ('INFOPATH', '/opt/homebrew/share/info:/opt/homebrew/share/info:/opt/homebrew/share/info:'), ('TMPDIR', '/var/folders/xg/qv5s5tdj7j583p8z2m8zbp900000gn/T/'), ('ROS_DISTRO', 'humble'), ('LOGNAME', 'annabethpan'), ('_', '/bin/colcon'), ('TERMINFO_DIRS', '/usr/share/terminfo:/run/host/usr/share/terminfo'), ('ROS_VERSION', '2'), ('TERM', 'xterm-256color'), ('ROS_LOCALHOST_ONLY', '0'), ('PATH', '/opt/ros/humble/bin:/Users/annabethpan/../../Users/annabethpan/Library/Python/3.9/bin:/bin:/usr/bin:/usr/local/bin:/sbin:/Applications/Visual Studio Code.app/Contents/Resources/app/bin:/usr/local/share/dotnet:/Users/annabethpan/.platformio/penv/bin'), ('MAMBA_ROOT_PREFIX', '/Users/annabethpan/micromamba'), ('LANG', 'en_US.UTF-8'), ('XDG_CONFIG_HOME', '/Users/annabethpan/.config'), ('XDG_DATA_HOME', '/Users/annabethpan/.local/share'), ('TERM_PROGRAM', 'Apple_Terminal'), ('SSH_AUTH_SOCK', '/private/tmp/com.apple.launchd.hRZniw5IWu/Listeners'), ('AMENT_PREFIX_PATH', '/opt/ros/humble'), ('SHELL', 'zsh'), ('MAMBA_EXE', '/Users/annabethpan/.local/bin/micromamba'), ('CONTAINER_ID', 'ROSBOX-HUMBLE'), ('PWD', '/Users/annabethpan/Documents/GitHub/AVC-Ros-humble/ros2-humble-ws/build/yolo_stereo'), ('XDG_CONFIG_DIRS', '/etc/xdg'), ('XDG_DATA_DIRS', '/usr/local/share:/usr/share'), ('PYTHONPATH', '/opt/ros/humble/lib/python3.10/site-packages:/opt/ros/humble/local/lib/python3.10/dist-packages'), ('XPC_FLAGS', '0x0'), ('COLCON', '1'), ('XPC_SERVICE_NAME', '0'), ('CMAKE_PREFIX_PATH', '/opt/ros/humble')]), 'shell': False}
[0.098610] (-) TimerEvent: {}
[0.170759] (yolo_stereo) StdoutLine: {'line': b'-- The C compiler identification is GNU 11.4.0\n'}
[0.198922] (-) TimerEvent: {}
[0.264546] (yolo_stereo) StdoutLine: {'line': b'-- The CXX compiler identification is GNU 11.4.0\n'}
[0.276147] (yolo_stereo) StdoutLine: {'line': b'-- Detecting C compiler ABI info\n'}
[0.299350] (-) TimerEvent: {}
[0.382378] (yolo_stereo) StdoutLine: {'line': b'-- Detecting C compiler ABI info - done\n'}
[0.392907] (yolo_stereo) StdoutLine: {'line': b'-- Check for working C compiler: /bin/cc - skipped\n'}
[0.393901] (yolo_stereo) StdoutLine: {'line': b'-- Detecting C compile features\n'}
[0.394674] (yolo_stereo) StdoutLine: {'line': b'-- Detecting C compile features - done\n'}
[0.399645] (-) TimerEvent: {}
[0.404133] (yolo_stereo) StdoutLine: {'line': b'-- Detecting CXX compiler ABI info\n'}
[0.500774] (-) TimerEvent: {}
[0.519803] (yolo_stereo) StdoutLine: {'line': b'-- Detecting CXX compiler ABI info - done\n'}
[0.529955] (yolo_stereo) StdoutLine: {'line': b'-- Check for working CXX compiler: /bin/c++ - skipped\n'}
[0.530553] (yolo_stereo) StdoutLine: {'line': b'-- Detecting CXX compile features\n'}
[0.531271] (yolo_stereo) StdoutLine: {'line': b'-- Detecting CXX compile features - done\n'}
[0.536250] (yolo_stereo) StdoutLine: {'line': b'-- Found ament_cmake: 1.3.14 (/opt/ros/humble/share/ament_cmake/cmake)\n'}
[0.600890] (-) TimerEvent: {}
[0.660351] (yolo_stereo) StdoutLine: {'line': b'-- Found Python3: /bin/python3 (found version "3.10.12") found components: Interpreter \n'}
[0.701531] (-) TimerEvent: {}
[0.745521] (yolo_stereo) StdoutLine: {'line': b'-- Found rclcpp: 16.0.19 (/opt/ros/humble/share/rclcpp/cmake)\n'}
[0.787919] (yolo_stereo) StdoutLine: {'line': b'-- Found rosidl_generator_c: 3.1.8 (/opt/ros/humble/share/rosidl_generator_c/cmake)\n'}
[0.791801] (yolo_stereo) StdoutLine: {'line': b'-- Found rosidl_adapter: 3.1.8 (/opt/ros/humble/share/rosidl_adapter/cmake)\n'}
[0.799198] (yolo_stereo) StdoutLine: {'line': b'-- Found rosidl_generator_cpp: 3.1.8 (/opt/ros/humble/share/rosidl_generator_cpp/cmake)\n'}
[0.802035] (-) TimerEvent: {}
[0.811737] (yolo_stereo) StdoutLine: {'line': b'-- Using all available rosidl_typesupport_c: rosidl_typesupport_fastrtps_c;rosidl_typesupport_introspection_c\n'}
[0.829171] (yolo_stereo) StdoutLine: {'line': b'-- Using all available rosidl_typesupport_cpp: rosidl_typesupport_fastrtps_cpp;rosidl_typesupport_introspection_cpp\n'}
[0.870905] (yolo_stereo) StdoutLine: {'line': b'-- Found rmw_implementation_cmake: 6.1.2 (/opt/ros/humble/share/rmw_implementation_cmake/cmake)\n'}
[0.872919] (yolo_stereo) StdoutLine: {'line': b'-- Found rmw_fastrtps_cpp: 6.2.10 (/opt/ros/humble/share/rmw_fastrtps_cpp/cmake)\n'}
[0.904244] (-) TimerEvent: {}
[0.951118] (yolo_stereo) StdoutLine: {'line': b'-- Found OpenSSL: /usr/lib/aarch64-linux-gnu/libcrypto.so (found version "3.0.2")  \n'}
[0.986014] (yolo_stereo) StdoutLine: {'line': b'-- Found FastRTPS: /opt/ros/humble/include  \n'}
[1.004699] (-) TimerEvent: {}
[1.040367] (yolo_stereo) StdoutLine: {'line': b"-- Using RMW implementation 'rmw_fastrtps_cpp' as default\n"}
[1.054045] (yolo_stereo) StdoutLine: {'line': b'-- Looking for pthread.h\n'}
[1.105192] (-) TimerEvent: {}
[1.157451] (yolo_stereo) StdoutLine: {'line': b'-- Looking for pthread.h - found\n'}
[1.159837] (yolo_stereo) StdoutLine: {'line': b'-- Performing Test CMAKE_HAVE_LIBC_PTHREAD\n'}
[1.205333] (-) TimerEvent: {}
[1.265910] (yolo_stereo) StdoutLine: {'line': b'-- Performing Test CMAKE_HAVE_LIBC_PTHREAD - Success\n'}
[1.267503] (yolo_stereo) StdoutLine: {'line': b'-- Found Threads: TRUE  \n'}
[1.306053] (-) TimerEvent: {}
[1.328776] (yolo_stereo) StdoutLine: {'line': b'-- Found stereo_msgs: 4.9.1 (/opt/ros/humble/share/stereo_msgs/cmake)\n'}
[1.384571] (yolo_stereo) StdoutLine: {'line': b'-- Found vision_msgs: 4.1.1 (/opt/ros/humble/share/vision_msgs/cmake)\n'}
[1.402403] (yolo_stereo) StdoutLine: {'line': b'-- Found cv_bridge: 3.2.1 (/opt/ros/humble/share/cv_bridge/cmake)\n'}
[1.406260] (-) TimerEvent: {}
[1.417986] (yolo_stereo) StdoutLine: {'line': b'-- Found image_transport: 3.1.12 (/opt/ros/humble/share/image_transport/cmake)\n'}
[1.461579] (yolo_stereo) StdoutLine: {'line': b'-- Found OpenCV: /usr (found version "4.5.4") \n'}
[1.465111] (yolo_stereo) StdoutLine: {'line': b'-- Found ament_lint_auto: 0.12.15 (/opt/ros/humble/share/ament_lint_auto/cmake)\n'}
[1.510813] (-) TimerEvent: {}
[1.556946] (yolo_stereo) StdoutLine: {'line': b"-- Added test 'cppcheck' to perform static code analysis on C / C++ code\n"}
[1.557497] (yolo_stereo) StdoutLine: {'line': b'-- Configured cppcheck include dirs: $<BUILD_INTERFACE:/Users/annabethpan/Documents/GitHub/AVC-Ros-humble/ros2-humble-ws/src/yolo_stereo/include>\n'}
[1.557912] (yolo_stereo) StdoutLine: {'line': b'-- Configured cppcheck exclude dirs and/or files: \n'}
[1.560735] (yolo_stereo) StdoutLine: {'line': b"-- Added test 'lint_cmake' to check CMake code style\n"}
[1.570337] (yolo_stereo) StdoutLine: {'line': b"-- Added test 'uncrustify' to check C / C++ code style\n"}
[1.570907] (yolo_stereo) StdoutLine: {'line': b'-- Configured uncrustify additional arguments: \n'}
[1.572543] (yolo_stereo) StdoutLine: {'line': b"-- Added test 'xmllint' to check XML markup files\n"}
[1.583289] (yolo_stereo) StdoutLine: {'line': b'-- Configuring done\n'}
[1.610942] (-) TimerEvent: {}
[1.633405] (yolo_stereo) StdoutLine: {'line': b'-- Generating done\n'}
[1.655754] (yolo_stereo) StdoutLine: {'line': b'-- Build files have been written to: /Users/annabethpan/Documents/GitHub/AVC-Ros-humble/ros2-humble-ws/build/yolo_stereo\n'}
[1.663286] (yolo_stereo) CommandEnded: {'returncode': 0}
[1.664171] (yolo_stereo) JobProgress: {'identifier': 'yolo_stereo', 'progress': 'build'}
[1.665972] (yolo_stereo) Command: {'cmd': ['/bin/cmake', '--build', '/Users/annabethpan/Documents/GitHub/AVC-Ros-humble/ros2-humble-ws/build/yolo_stereo', '--', '-j4', '-l4'], 'cwd': '/Users/annabethpan/Documents/GitHub/AVC-Ros-humble/ros2-humble-ws/build/yolo_stereo', 'env': OrderedDict([('TERM_SESSION_ID', 'F8805518-9F68-4CEF-84BF-7F1FAFE76B3B'), ('USER', 'annabethpan'), ('HOSTNAME', 'Annabeths-MacBook-Air.local'), ('XDG_CACHE_HOME', '/Users/annabethpan/.cache'), ('SHLVL', '4'), ('LD_LIBRARY_PATH', '/opt/ros/humble/opt/rviz_ogre_vendor/lib:/opt/ros/humble/lib/aarch64-linux-gnu:/opt/ros/humble/lib'), ('HOME', '/Users/annabethpan'), ('CONDA_SHLVL', '0'), ('OLDPWD', '/Users/annabethpan/Documents/GitHub/AVC-Ros-humble/ros2-humble-ws/my_opencv_demo/src'), ('TERM_PROGRAM_VERSION', '453'), ('ROS_PYTHON_VERSION', '3'), ('XDG_STATE_HOME', '/Users/annabethpan/.local/state'), ('DISTROBOX_ENTER_PATH', '/usr/local/bin/distrobox-enter'), ('container', 'podman'), ('INFOPATH', '/opt/homebrew/share/info:/opt/homebrew/share/info:/opt/homebrew/share/info:'), ('TMPDIR', '/var/folders/xg/qv5s5tdj7j583p8z2m8zbp900000gn/T/'), ('ROS_DISTRO', 'humble'), ('LOGNAME', 'annabethpan'), ('_', '/bin/colcon'), ('TERMINFO_DIRS', '/usr/share/terminfo:/run/host/usr/share/terminfo'), ('ROS_VERSION', '2'), ('TERM', 'xterm-256color'), ('ROS_LOCALHOST_ONLY', '0'), ('PATH', '/opt/ros/humble/bin:/Users/annabethpan/../../Users/annabethpan/Library/Python/3.9/bin:/bin:/usr/bin:/usr/local/bin:/sbin:/Applications/Visual Studio Code.app/Contents/Resources/app/bin:/usr/local/share/dotnet:/Users/annabethpan/.platformio/penv/bin'), ('MAMBA_ROOT_PREFIX', '/Users/annabethpan/micromamba'), ('LANG', 'en_US.UTF-8'), ('XDG_CONFIG_HOME', '/Users/annabethpan/.config'), ('XDG_DATA_HOME', '/Users/annabethpan/.local/share'), ('TERM_PROGRAM', 'Apple_Terminal'), ('SSH_AUTH_SOCK', '/private/tmp/com.apple.launchd.hRZniw5IWu/Listeners'), ('AMENT_PREFIX_PATH', '/opt/ros/humble'), ('SHELL', 'zsh'), ('MAMBA_EXE', '/Users/annabethpan/.local/bin/micromamba'), ('CONTAINER_ID', 'ROSBOX-HUMBLE'), ('PWD', '/Users/annabethpan/Documents/GitHub/AVC-Ros-humble/ros2-humble-ws/build/yolo_stereo'), ('XDG_CONFIG_DIRS', '/etc/xdg'), ('XDG_DATA_DIRS', '/usr/local/share:/usr/share'), ('PYTHONPATH', '/opt/ros/humble/lib/python3.10/site-packages:/opt/ros/humble/local/lib/python3.10/dist-packages'), ('XPC_FLAGS', '0x0'), ('COLCON', '1'), ('XPC_SERVICE_NAME', '0'), ('CMAKE_PREFIX_PATH', '/opt/ros/humble')]), 'shell': False}
[1.711056] (yolo_stereo) StdoutLine: {'line': b'[ 50%] \x1b[32mBuilding CXX object CMakeFiles/YoloDepthFuser.dir/src/YoloDepthFuser.cpp.o\x1b[0m\n'}
[1.711877] (-) TimerEvent: {}
[1.812272] (-) TimerEvent: {}
[1.917685] (-) TimerEvent: {}
[2.023155] (-) TimerEvent: {}
[2.125676] (-) TimerEvent: {}
[2.231290] (-) TimerEvent: {}
[2.336908] (-) TimerEvent: {}
[2.439300] (-) TimerEvent: {}
[2.546099] (-) TimerEvent: {}
[2.651959] (-) TimerEvent: {}
[2.757666] (-) TimerEvent: {}
[2.858562] (-) TimerEvent: {}
[2.959719] (-) TimerEvent: {}
[3.062815] (-) TimerEvent: {}
[3.163653] (-) TimerEvent: {}
[3.264789] (-) TimerEvent: {}
[3.366549] (-) TimerEvent: {}
[3.469022] (-) TimerEvent: {}
[3.571463] (-) TimerEvent: {}
[3.676581] (-) TimerEvent: {}
[3.777327] (-) TimerEvent: {}
[3.879158] (-) TimerEvent: {}
[3.979860] (-) TimerEvent: {}
[4.081056] (-) TimerEvent: {}
[4.182041] (-) TimerEvent: {}
[4.282790] (-) TimerEvent: {}
[4.384007] (-) TimerEvent: {}
[4.485773] (-) TimerEvent: {}
[4.588270] (-) TimerEvent: {}
[4.691690] (-) TimerEvent: {}
[4.796151] (-) TimerEvent: {}
[4.897060] (-) TimerEvent: {}
[4.998270] (-) TimerEvent: {}
[5.100125] (-) TimerEvent: {}
[5.203056] (-) TimerEvent: {}
[5.303907] (-) TimerEvent: {}
[5.405353] (-) TimerEvent: {}
[5.507656] (-) TimerEvent: {}
[5.608964] (-) TimerEvent: {}
[5.710540] (-) TimerEvent: {}
[5.815831] (-) TimerEvent: {}
[5.917509] (-) TimerEvent: {}
[6.019569] (-) TimerEvent: {}
[6.120836] (-) TimerEvent: {}
[6.221899] (-) TimerEvent: {}
[6.323881] (-) TimerEvent: {}
[6.426570] (-) TimerEvent: {}
[6.530332] (-) TimerEvent: {}
[6.631633] (-) TimerEvent: {}
[6.732402] (-) TimerEvent: {}
[6.833854] (-) TimerEvent: {}
[6.935090] (-) TimerEvent: {}
[7.036332] (-) TimerEvent: {}
[7.137968] (-) TimerEvent: {}
[7.238799] (-) TimerEvent: {}
[7.339626] (-) TimerEvent: {}
[7.440693] (-) TimerEvent: {}
[7.541495] (-) TimerEvent: {}
[7.644205] (-) TimerEvent: {}
[7.745288] (-) TimerEvent: {}
[7.845959] (-) TimerEvent: {}
[7.951043] (-) TimerEvent: {}
[8.056710] (-) TimerEvent: {}
[8.161178] (-) TimerEvent: {}
[8.266816] (-) TimerEvent: {}
[8.369127] (-) TimerEvent: {}
[8.473908] (-) TimerEvent: {}
[8.580048] (-) TimerEvent: {}
[8.686766] (-) TimerEvent: {}
[8.793290] (-) TimerEvent: {}
[8.898871] (-) TimerEvent: {}
[8.999653] (-) TimerEvent: {}
[9.105284] (-) TimerEvent: {}
[9.210962] (-) TimerEvent: {}
[9.316664] (-) TimerEvent: {}
[9.422476] (-) TimerEvent: {}
[9.524693] (-) TimerEvent: {}
[9.629749] (-) TimerEvent: {}
[9.735402] (-) TimerEvent: {}
[9.841002] (-) TimerEvent: {}
[9.946636] (-) TimerEvent: {}
[10.048712] (-) TimerEvent: {}
[10.154304] (-) TimerEvent: {}
[10.260025] (-) TimerEvent: {}
[10.366259] (-) TimerEvent: {}
[10.469731] (-) TimerEvent: {}
[10.575319] (-) TimerEvent: {}
[10.681543] (-) TimerEvent: {}
[10.787112] (-) TimerEvent: {}
[10.892680] (-) TimerEvent: {}
[10.998246] (-) TimerEvent: {}
[11.103789] (-) TimerEvent: {}
[11.209304] (-) TimerEvent: {}
[11.314920] (-) TimerEvent: {}
[11.420510] (-) TimerEvent: {}
[11.526833] (-) TimerEvent: {}
[11.633293] (-) TimerEvent: {}
[11.738883] (-) TimerEvent: {}
[11.844428] (-) TimerEvent: {}
[11.950262] (-) TimerEvent: {}
[12.056220] (-) TimerEvent: {}
[12.158196] (-) TimerEvent: {}
[12.263190] (-) TimerEvent: {}
[12.367242] (-) TimerEvent: {}
[12.468142] (-) TimerEvent: {}
[12.569069] (-) TimerEvent: {}
[12.670175] (-) TimerEvent: {}
[12.771153] (-) TimerEvent: {}
[12.872181] (-) TimerEvent: {}
[12.973092] (-) TimerEvent: {}
[13.074763] (-) TimerEvent: {}
[13.176524] (-) TimerEvent: {}
[13.282089] (-) TimerEvent: {}
[13.383141] (-) TimerEvent: {}
[13.484750] (-) TimerEvent: {}
[13.586200] (-) TimerEvent: {}
[13.687000] (-) TimerEvent: {}
[13.790869] (-) TimerEvent: {}
[13.892112] (-) TimerEvent: {}
[13.992723] (-) TimerEvent: {}
[14.093517] (-) TimerEvent: {}
[14.194746] (-) TimerEvent: {}
[14.299056] (-) TimerEvent: {}
[14.399562] (-) TimerEvent: {}
[14.500654] (-) TimerEvent: {}
[14.601725] (-) TimerEvent: {}
[14.704188] (-) TimerEvent: {}
[14.783847] (yolo_stereo) StdoutLine: {'line': b'[100%] \x1b[32m\x1b[1mLinking CXX executable YoloDepthFuser\x1b[0m\n'}
[14.804408] (-) TimerEvent: {}
[14.905840] (-) TimerEvent: {}
[15.006998] (-) TimerEvent: {}
[15.108676] (-) TimerEvent: {}
[15.211237] (-) TimerEvent: {}
[15.242219] (yolo_stereo) StderrLine: {'line': b'/bin/ld: warning: libcharls.so.2, needed by /lib/aarch64-linux-gnu/libgdcmMSFF.so.3.0, not found (try using -rpath or -rpath-link)\n'}
[15.291418] (yolo_stereo) StderrLine: {'line': b'/bin/ld: warning: libcfitsio.so.9, needed by /lib/libgdal.so.30, not found (try using -rpath or -rpath-link)\n'}
[15.312375] (-) TimerEvent: {}
[15.413788] (-) TimerEvent: {}
[15.516135] (-) TimerEvent: {}
[15.618922] (-) TimerEvent: {}
[15.721274] (-) TimerEvent: {}
[15.822184] (-) TimerEvent: {}
[15.922744] (-) TimerEvent: {}
[16.023123] (-) TimerEvent: {}
[16.109955] (yolo_stereo) StderrLine: {'line': b"/bin/ld: /lib/libgdal.so.30: undefined reference to `fficol'\n"}
[16.110917] (yolo_stereo) StderrLine: {'line': b"/bin/ld: /lib/libgdal.so.30: undefined reference to `ffghof'\n"}
[16.112416] (yolo_stereo) StderrLine: {'line': b"/bin/ld: /lib/libgdal.so.30: undefined reference to `ffgtclll'\n"}
[16.113140] (yolo_stereo) StderrLine: {'line': b"/bin/ld: /lib/libgdal.so.30: undefined reference to `ffpcl'\n"}
[16.114014] (yolo_stereo) StderrLine: {'line': b"/bin/ld: /lib/libgdal.so.30: undefined reference to `ffcrtb'\n"}
[16.114957] (yolo_stereo) StderrLine: {'line': b"/bin/ld: /lib/libgdal.so.30: undefined reference to `ffgkls'\n"}
[16.115693] (yolo_stereo) StderrLine: {'line': b"/bin/ld: /lib/libgdal.so.30: undefined reference to `ffgcx'\n"}
[16.116386] (yolo_stereo) StderrLine: {'line': b"/bin/ld: /lib/aarch64-linux-gnu/libgdcmMSFF.so.3.0: undefined reference to `JpegLsEncode'\n"}
[16.117101] (yolo_stereo) StderrLine: {'line': b"/bin/ld: /lib/libgdal.so.30: undefined reference to `ffpcls'\n"}
[16.117795] (yolo_stereo) StderrLine: {'line': b"/bin/ld: /lib/aarch64-linux-gnu/libgdcmMSFF.so.3.0: undefined reference to `JpegLsReadHeader'\n"}
[16.118498] (yolo_stereo) StderrLine: {'line': b"/bin/ld: /lib/libgdal.so.30: undefined reference to `ffplsw'\n"}
[16.121754] (yolo_stereo) StderrLine: {'line': b"/bin/ld: /lib/libgdal.so.30: undefined reference to `ffgncl'\n"}
[16.122545] (yolo_stereo) StderrLine: {'line': b"/bin/ld: /lib/libgdal.so.30: undefined reference to `ffclos'\n"}
[16.123281] (-) TimerEvent: {}
[16.123535] (yolo_stereo) StderrLine: {'line': b"/bin/ld: /lib/libgdal.so.30: undefined reference to `ffgbclll'\n"}
[16.124387] (yolo_stereo) StderrLine: {'line': b"/bin/ld: /lib/aarch64-linux-gnu/libgdcmMSFF.so.3.0: undefined reference to `JpegLsDecode'\n"}
[16.125227] (yolo_stereo) StderrLine: {'line': b"/bin/ld: /lib/libgdal.so.30: undefined reference to `ffcrim'\n"}
[16.125967] (yolo_stereo) StderrLine: {'line': b"/bin/ld: /lib/libgdal.so.30: undefined reference to `ffmahd'\n"}
[16.126709] (yolo_stereo) StderrLine: {'line': b"/bin/ld: /lib/libgdal.so.30: undefined reference to `ffukls'\n"}
[16.127399] (yolo_stereo) StderrLine: {'line': b"/bin/ld: /lib/libgdal.so.30: undefined reference to `ffgnrwll'\n"}
[16.128090] (yolo_stereo) StderrLine: {'line': b"/bin/ld: /lib/libgdal.so.30: undefined reference to `ffppr'\n"}
[16.128811] (yolo_stereo) StderrLine: {'line': b"/bin/ld: /lib/libgdal.so.30: undefined reference to `ffgkyn'\n"}
[16.129536] (yolo_stereo) StderrLine: {'line': b"/bin/ld: /lib/libgdal.so.30: undefined reference to `ffpclx'\n"}
[16.130230] (yolo_stereo) StderrLine: {'line': b"/bin/ld: /lib/libgdal.so.30: undefined reference to `ffgcv'\n"}
[16.130941] (yolo_stereo) StderrLine: {'line': b"/bin/ld: /lib/libgdal.so.30: undefined reference to `ffghbnll'\n"}
[16.132200] (yolo_stereo) StderrLine: {'line': b"/bin/ld: /lib/libgdal.so.30: undefined reference to `ffdrow'\n"}
[16.132891] (yolo_stereo) StderrLine: {'line': b"/bin/ld: /lib/libgdal.so.30: undefined reference to `ffgky'\n"}
[16.133572] (yolo_stereo) StderrLine: {'line': b"/bin/ld: /lib/libgdal.so.30: undefined reference to `ffgpv'\n"}
[16.134241] (yolo_stereo) StderrLine: {'line': b"/bin/ld: /lib/libgdal.so.30: undefined reference to `ffghsp'\n"}
[16.134946] (yolo_stereo) StderrLine: {'line': b"/bin/ld: /lib/libgdal.so.30: undefined reference to `ffgdesll'\n"}
[16.135621] (yolo_stereo) StderrLine: {'line': b"/bin/ld: /lib/libgdal.so.30: undefined reference to `ffopentest'\n"}
[16.136300] (yolo_stereo) StderrLine: {'line': b"/bin/ld: /lib/libgdal.so.30: undefined reference to `ffuky'\n"}
[16.137078] (yolo_stereo) StderrLine: {'line': b"/bin/ld: /lib/libgdal.so.30: undefined reference to `ffinit'\n"}
[16.137828] (yolo_stereo) StderrLine: {'line': b"/bin/ld: /lib/libgdal.so.30: undefined reference to `ffthdu'\n"}
[16.138544] (yolo_stereo) StderrLine: {'line': b"/bin/ld: /lib/libgdal.so.30: undefined reference to `ffgcvs'\n"}
[16.139261] (yolo_stereo) StderrLine: {'line': b"/bin/ld: /lib/libgdal.so.30: undefined reference to `ffgipr'\n"}
[16.139939] (yolo_stereo) StderrLine: {'line': b"/bin/ld: /lib/libgdal.so.30: undefined reference to `fits_is_compressed_image'\n"}
[16.224874] (-) TimerEvent: {}
[16.325723] (-) TimerEvent: {}
[16.365005] (yolo_stereo) StderrLine: {'line': b'collect2: error: ld returned 1 exit status\n'}
[16.367911] (yolo_stereo) StderrLine: {'line': b'gmake[2]: *** [CMakeFiles/YoloDepthFuser.dir/build.make:248: YoloDepthFuser] Error 1\n'}
[16.369036] (yolo_stereo) StderrLine: {'line': b'gmake[1]: *** [CMakeFiles/Makefile2:137: CMakeFiles/YoloDepthFuser.dir/all] Error 2\n'}
[16.369751] (yolo_stereo) StderrLine: {'line': b'gmake: *** [Makefile:146: all] Error 2\n'}
[16.376962] (yolo_stereo) CommandEnded: {'returncode': 2}
[16.398727] (yolo_stereo) JobEnded: {'identifier': 'yolo_stereo', 'rc': 2}
[16.409889] (-) EventReactorShutdown: {}
