[0.471s] DEBUG:colcon:Command line arguments: ['/Users/annabethpan/.platformio/penv/bin/colcon', 'build']
[0.471s] DEBUG:colcon:Parsed command line arguments: Namespace(log_base=None, log_level=None, verb_name='build', build_base='build', install_base='install', merge_install=False, symlink_install=False, test_result_base=None, continue_on_error=False, executor='parallel', parallel_workers=8, event_handlers=None, ignore_user_meta=False, metas=['./colcon.meta'], base_paths=['.'], packages_ignore=None, packages_ignore_regex=None, paths=None, packages_up_to=None, packages_up_to_regex=None, packages_above=None, packages_above_and_dependencies=None, packages_above_depth=None, packages_select_by_dep=None, packages_skip_by_dep=None, packages_skip_up_to=None, packages_select_build_failed=False, packages_skip_build_finished=False, packages_select_test_failures=False, packages_skip_test_passed=False, packages_select=None, packages_skip=None, packages_select_regex=None, packages_skip_regex=None, packages_start=None, packages_end=None, cmake_args=None, cmake_target=None, cmake_target_skip_unavailable=False, cmake_clean_cache=False, cmake_clean_first=False, cmake_force_configure=False, ament_cmake_args=None, catkin_cmake_args=None, catkin_skip_building_tests=False, verb_parser=<colcon_defaults.argument_parser.defaults.DefaultArgumentsDecorator object at 0x1047d0050>, verb_extension=<colcon_core.verb.build.BuildVerb object at 0x104fd1090>, main=<bound method BuildVerb.main of <colcon_core.verb.build.BuildVerb object at 0x104fd1090>>)
[0.547s] Level 1:colcon.colcon_core.package_discovery:discover_packages(colcon_meta) check parameters
[0.547s] Level 1:colcon.colcon_core.package_discovery:discover_packages(recursive) check parameters
[0.547s] Level 1:colcon.colcon_core.package_discovery:discover_packages(ignore) check parameters
[0.547s] Level 1:colcon.colcon_core.package_discovery:discover_packages(path) check parameters
[0.547s] Level 1:colcon.colcon_core.package_discovery:discover_packages(colcon_meta) discover
[0.547s] Level 1:colcon.colcon_core.package_discovery:discover_packages(recursive) discover
[0.547s] INFO:colcon.colcon_core.package_discovery:Crawling recursively for packages in '/Users/annabethpan/Documents/GitHub/AVC-Ros-humble/ros2-humble-ws'
[0.547s] Level 1:colcon.colcon_core.package_identification:_identify(.) by extensions ['ignore', 'ignore_ament_install']
[0.547s] Level 1:colcon.colcon_core.package_identification:_identify(.) by extension 'ignore'
[0.547s] Level 1:colcon.colcon_core.package_identification:_identify(.) by extension 'ignore_ament_install'
[0.547s] Level 1:colcon.colcon_core.package_identification:_identify(.) by extensions ['colcon_pkg']
[0.547s] Level 1:colcon.colcon_core.package_identification:_identify(.) by extension 'colcon_pkg'
[0.547s] Level 1:colcon.colcon_core.package_identification:_identify(.) by extensions ['colcon_meta']
[0.547s] Level 1:colcon.colcon_core.package_identification:_identify(.) by extension 'colcon_meta'
[0.547s] Level 1:colcon.colcon_core.package_identification:_identify(.) by extensions ['ros']
[0.547s] Level 1:colcon.colcon_core.package_identification:_identify(.) by extension 'ros'
[0.594s] Level 1:colcon.colcon_core.package_identification:_identify(.) by extensions ['cmake', 'python']
[0.594s] Level 1:colcon.colcon_core.package_identification:_identify(.) by extension 'cmake'
[0.594s] Level 1:colcon.colcon_core.package_identification:_identify(.) by extension 'python'
[0.594s] Level 1:colcon.colcon_core.package_identification:_identify(.) by extensions ['python_setup_py']
[0.594s] Level 1:colcon.colcon_core.package_identification:_identify(.) by extension 'python_setup_py'
[0.594s] Level 1:colcon.colcon_core.package_identification:_identify(build) by extensions ['ignore', 'ignore_ament_install']
[0.594s] Level 1:colcon.colcon_core.package_identification:_identify(build) by extension 'ignore'
[0.594s] Level 1:colcon.colcon_core.package_identification:_identify(build) ignored
[0.594s] Level 1:colcon.colcon_core.package_identification:_identify(install) by extensions ['ignore', 'ignore_ament_install']
[0.594s] Level 1:colcon.colcon_core.package_identification:_identify(install) by extension 'ignore'
[0.594s] Level 1:colcon.colcon_core.package_identification:_identify(install) ignored
[0.594s] Level 1:colcon.colcon_core.package_identification:_identify(log) by extensions ['ignore', 'ignore_ament_install']
[0.594s] Level 1:colcon.colcon_core.package_identification:_identify(log) by extension 'ignore'
[0.594s] Level 1:colcon.colcon_core.package_identification:_identify(log) ignored
[0.595s] Level 1:colcon.colcon_core.package_identification:_identify(src) by extensions ['ignore', 'ignore_ament_install']
[0.595s] Level 1:colcon.colcon_core.package_identification:_identify(src) by extension 'ignore'
[0.595s] Level 1:colcon.colcon_core.package_identification:_identify(src) by extension 'ignore_ament_install'
[0.595s] Level 1:colcon.colcon_core.package_identification:_identify(src) by extensions ['colcon_pkg']
[0.595s] Level 1:colcon.colcon_core.package_identification:_identify(src) by extension 'colcon_pkg'
[0.595s] Level 1:colcon.colcon_core.package_identification:_identify(src) by extensions ['colcon_meta']
[0.595s] Level 1:colcon.colcon_core.package_identification:_identify(src) by extension 'colcon_meta'
[0.595s] Level 1:colcon.colcon_core.package_identification:_identify(src) by extensions ['ros']
[0.595s] Level 1:colcon.colcon_core.package_identification:_identify(src) by extension 'ros'
[0.595s] Level 1:colcon.colcon_core.package_identification:_identify(src) by extensions ['cmake', 'python']
[0.595s] Level 1:colcon.colcon_core.package_identification:_identify(src) by extension 'cmake'
[0.595s] Level 1:colcon.colcon_core.package_identification:_identify(src) by extension 'python'
[0.595s] Level 1:colcon.colcon_core.package_identification:_identify(src) by extensions ['python_setup_py']
[0.595s] Level 1:colcon.colcon_core.package_identification:_identify(src) by extension 'python_setup_py'
[0.595s] Level 1:colcon.colcon_core.package_identification:_identify(src/yolo_stereo) by extensions ['ignore', 'ignore_ament_install']
[0.595s] Level 1:colcon.colcon_core.package_identification:_identify(src/yolo_stereo) by extension 'ignore'
[0.595s] Level 1:colcon.colcon_core.package_identification:_identify(src/yolo_stereo) by extension 'ignore_ament_install'
[0.595s] Level 1:colcon.colcon_core.package_identification:_identify(src/yolo_stereo) by extensions ['colcon_pkg']
[0.595s] Level 1:colcon.colcon_core.package_identification:_identify(src/yolo_stereo) by extension 'colcon_pkg'
[0.595s] Level 1:colcon.colcon_core.package_identification:_identify(src/yolo_stereo) by extensions ['colcon_meta']
[0.595s] Level 1:colcon.colcon_core.package_identification:_identify(src/yolo_stereo) by extension 'colcon_meta'
[0.595s] Level 1:colcon.colcon_core.package_identification:_identify(src/yolo_stereo) by extensions ['ros']
[0.595s] Level 1:colcon.colcon_core.package_identification:_identify(src/yolo_stereo) by extension 'ros'
[0.601s] DEBUG:colcon.colcon_core.package_identification:Package 'src/yolo_stereo' with type 'ros.ament_cmake' and name 'yolo_stereo'
[0.601s] Level 1:colcon.colcon_core.package_discovery:discover_packages(recursive) using defaults
[0.601s] Level 1:colcon.colcon_core.package_discovery:discover_packages(ignore) discover
[0.601s] Level 1:colcon.colcon_core.package_discovery:discover_packages(ignore) using defaults
[0.601s] Level 1:colcon.colcon_core.package_discovery:discover_packages(path) discover
[0.601s] Level 1:colcon.colcon_core.package_discovery:discover_packages(path) using defaults
[0.639s] Level 5:colcon.colcon_core.verb:set package 'yolo_stereo' build argument 'cmake_args' from command line to 'None'
[0.639s] Level 5:colcon.colcon_core.verb:set package 'yolo_stereo' build argument 'cmake_target' from command line to 'None'
[0.639s] Level 5:colcon.colcon_core.verb:set package 'yolo_stereo' build argument 'cmake_target_skip_unavailable' from command line to 'False'
[0.639s] Level 5:colcon.colcon_core.verb:set package 'yolo_stereo' build argument 'cmake_clean_cache' from command line to 'False'
[0.639s] Level 5:colcon.colcon_core.verb:set package 'yolo_stereo' build argument 'cmake_clean_first' from command line to 'False'
[0.639s] Level 5:colcon.colcon_core.verb:set package 'yolo_stereo' build argument 'cmake_force_configure' from command line to 'False'
[0.639s] Level 5:colcon.colcon_core.verb:set package 'yolo_stereo' build argument 'ament_cmake_args' from command line to 'None'
[0.639s] Level 5:colcon.colcon_core.verb:set package 'yolo_stereo' build argument 'catkin_cmake_args' from command line to 'None'
[0.639s] Level 5:colcon.colcon_core.verb:set package 'yolo_stereo' build argument 'catkin_skip_building_tests' from command line to 'False'
[0.639s] DEBUG:colcon.colcon_core.verb:Building package 'yolo_stereo' with the following arguments: {'ament_cmake_args': None, 'build_base': '/Users/annabethpan/Documents/GitHub/AVC-Ros-humble/ros2-humble-ws/build/yolo_stereo', 'catkin_cmake_args': None, 'catkin_skip_building_tests': False, 'cmake_args': None, 'cmake_clean_cache': False, 'cmake_clean_first': False, 'cmake_force_configure': False, 'cmake_target': None, 'cmake_target_skip_unavailable': False, 'install_base': '/Users/annabethpan/Documents/GitHub/AVC-Ros-humble/ros2-humble-ws/install/yolo_stereo', 'merge_install': False, 'path': '/Users/annabethpan/Documents/GitHub/AVC-Ros-humble/ros2-humble-ws/src/yolo_stereo', 'symlink_install': False, 'test_result_base': None}
[0.639s] INFO:colcon.colcon_core.executor:Executing jobs using 'parallel' executor
[0.640s] DEBUG:colcon.colcon_parallel_executor.executor.parallel:run_until_complete
[0.641s] INFO:colcon.colcon_ros.task.ament_cmake.build:Building ROS package in '/Users/annabethpan/Documents/GitHub/AVC-Ros-humble/ros2-humble-ws/src/yolo_stereo' with build type 'ament_cmake'
[0.641s] INFO:colcon.colcon_cmake.task.cmake.build:Building CMake package in '/Users/annabethpan/Documents/GitHub/AVC-Ros-humble/ros2-humble-ws/src/yolo_stereo'
[0.646s] INFO:colcon.colcon_core.plugin_system:Skipping extension 'colcon_core.shell.bat': Not used on non-Windows systems
[0.646s] INFO:colcon.colcon_core.shell:Skip shell extension 'powershell' for command environment: Not usable outside of PowerShell
[0.646s] DEBUG:colcon.colcon_core.shell:Skip shell extension 'dsv' for command environment
[0.675s] DEBUG:colcon.colcon_core.event_handler.log_command:Invoking command in '/Users/annabethpan/Documents/GitHub/AVC-Ros-humble/ros2-humble-ws/build/yolo_stereo': CMAKE_PREFIX_PATH=/Users/annabethpan/micromamba/envs/ros_env CONDA_PROMPT_MODIFIER=(ros_env) SHLVL=2 _=/usr/bin/env /Users/annabethpan/micromamba/envs/ros_env/bin/cmake /Users/annabethpan/Documents/GitHub/AVC-Ros-humble/ros2-humble-ws/src/yolo_stereo -DCMAKE_INSTALL_PREFIX=/Users/annabethpan/Documents/GitHub/AVC-Ros-humble/ros2-humble-ws/install/yolo_stereo
[7.096s] DEBUG:colcon.colcon_core.event_handler.log_command:Invoked command in '/Users/annabethpan/Documents/GitHub/AVC-Ros-humble/ros2-humble-ws/build/yolo_stereo' returned '0': CMAKE_PREFIX_PATH=/Users/annabethpan/micromamba/envs/ros_env CONDA_PROMPT_MODIFIER=(ros_env) SHLVL=2 _=/usr/bin/env /Users/annabethpan/micromamba/envs/ros_env/bin/cmake /Users/annabethpan/Documents/GitHub/AVC-Ros-humble/ros2-humble-ws/src/yolo_stereo -DCMAKE_INSTALL_PREFIX=/Users/annabethpan/Documents/GitHub/AVC-Ros-humble/ros2-humble-ws/install/yolo_stereo
[7.099s] DEBUG:colcon.colcon_core.event_handler.log_command:Invoking command in '/Users/annabethpan/Documents/GitHub/AVC-Ros-humble/ros2-humble-ws/build/yolo_stereo': CMAKE_PREFIX_PATH=/Users/annabethpan/micromamba/envs/ros_env CONDA_PROMPT_MODIFIER=(ros_env) SHLVL=2 _=/usr/bin/env /Users/annabethpan/micromamba/envs/ros_env/bin/cmake --build /Users/annabethpan/Documents/GitHub/AVC-Ros-humble/ros2-humble-ws/build/yolo_stereo -- -j8 -l8
[7.898s] DEBUG:colcon.colcon_core.event_handler.log_command:Invoked command in '/Users/annabethpan/Documents/GitHub/AVC-Ros-humble/ros2-humble-ws/build/yolo_stereo' returned '2': CMAKE_PREFIX_PATH=/Users/annabethpan/micromamba/envs/ros_env CONDA_PROMPT_MODIFIER=(ros_env) SHLVL=2 _=/usr/bin/env /Users/annabethpan/micromamba/envs/ros_env/bin/cmake --build /Users/annabethpan/Documents/GitHub/AVC-Ros-humble/ros2-humble-ws/build/yolo_stereo -- -j8 -l8
[7.899s] Level 1:colcon.colcon_core.environment:create_environment_scripts_only(yolo_stereo)
[7.909s] Level 1:colcon.colcon_core.environment:checking '/Users/annabethpan/Documents/GitHub/AVC-Ros-humble/ros2-humble-ws/install/yolo_stereo' for CMake module files
[7.909s] Level 1:colcon.colcon_core.environment:checking '/Users/annabethpan/Documents/GitHub/AVC-Ros-humble/ros2-humble-ws/install/yolo_stereo' for CMake config files
[7.909s] Level 1:colcon.colcon_core.environment:checking '/Users/annabethpan/Documents/GitHub/AVC-Ros-humble/ros2-humble-ws/install/yolo_stereo/lib'
[7.909s] Level 1:colcon.colcon_core.environment:checking '/Users/annabethpan/Documents/GitHub/AVC-Ros-humble/ros2-humble-ws/install/yolo_stereo/bin'
[7.909s] Level 1:colcon.colcon_core.environment:checking '/Users/annabethpan/Documents/GitHub/AVC-Ros-humble/ros2-humble-ws/install/yolo_stereo/lib/pkgconfig/yolo_stereo.pc'
[7.910s] Level 1:colcon.colcon_core.environment:checking '/Users/annabethpan/Documents/GitHub/AVC-Ros-humble/ros2-humble-ws/install/yolo_stereo/lib/python3.11/site-packages'
[7.910s] Level 1:colcon.colcon_core.environment:checking '/Users/annabethpan/Documents/GitHub/AVC-Ros-humble/ros2-humble-ws/install/yolo_stereo/bin'
[7.910s] INFO:colcon.colcon_core.shell:Creating package script '/Users/annabethpan/Documents/GitHub/AVC-Ros-humble/ros2-humble-ws/install/yolo_stereo/share/yolo_stereo/package.ps1'
[7.912s] INFO:colcon.colcon_core.shell:Creating package descriptor '/Users/annabethpan/Documents/GitHub/AVC-Ros-humble/ros2-humble-ws/install/yolo_stereo/share/yolo_stereo/package.dsv'
[7.913s] INFO:colcon.colcon_core.shell:Creating package script '/Users/annabethpan/Documents/GitHub/AVC-Ros-humble/ros2-humble-ws/install/yolo_stereo/share/yolo_stereo/package.sh'
[7.914s] INFO:colcon.colcon_core.shell:Creating package script '/Users/annabethpan/Documents/GitHub/AVC-Ros-humble/ros2-humble-ws/install/yolo_stereo/share/yolo_stereo/package.bash'
[7.915s] INFO:colcon.colcon_core.shell:Creating package script '/Users/annabethpan/Documents/GitHub/AVC-Ros-humble/ros2-humble-ws/install/yolo_stereo/share/yolo_stereo/package.zsh'
[7.916s] Level 1:colcon.colcon_core.environment:create_file_with_runtime_dependencies(/Users/annabethpan/Documents/GitHub/AVC-Ros-humble/ros2-humble-ws/install/yolo_stereo/share/colcon-core/packages/yolo_stereo)
[7.916s] DEBUG:colcon.colcon_parallel_executor.executor.parallel:closing loop
[7.916s] DEBUG:colcon.colcon_parallel_executor.executor.parallel:loop closed
[7.917s] DEBUG:colcon.colcon_parallel_executor.executor.parallel:run_until_complete finished with '2'
[7.917s] DEBUG:colcon.colcon_core.event_reactor:joining thread
[7.920s] INFO:colcon.colcon_core.plugin_system:Skipping extension 'colcon_notification.desktop_notification.notify2': 'notify2' not found
[7.920s] INFO:colcon.colcon_core.plugin_system:Skipping extension 'colcon_notification.desktop_notification.notify_send': Not used on non-Linux systems
[7.920s] INFO:colcon.colcon_core.plugin_system:Skipping extension 'colcon_notification.desktop_notification.win32': Not used on non-Windows systems
[7.920s] INFO:colcon.colcon_notification.desktop_notification:Sending desktop notification using 'terminal_notifier'
[7.988s] DEBUG:colcon.colcon_core.event_reactor:joined thread
[7.989s] INFO:colcon.colcon_core.shell:Creating prefix script '/Users/annabethpan/Documents/GitHub/AVC-Ros-humble/ros2-humble-ws/install/local_setup.ps1'
[7.990s] INFO:colcon.colcon_core.shell:Creating prefix util module '/Users/annabethpan/Documents/GitHub/AVC-Ros-humble/ros2-humble-ws/install/_local_setup_util_ps1.py'
[7.991s] INFO:colcon.colcon_core.shell:Creating prefix chain script '/Users/annabethpan/Documents/GitHub/AVC-Ros-humble/ros2-humble-ws/install/setup.ps1'
[7.993s] INFO:colcon.colcon_core.shell:Creating prefix script '/Users/annabethpan/Documents/GitHub/AVC-Ros-humble/ros2-humble-ws/install/local_setup.sh'
[7.993s] INFO:colcon.colcon_core.shell:Creating prefix util module '/Users/annabethpan/Documents/GitHub/AVC-Ros-humble/ros2-humble-ws/install/_local_setup_util_sh.py'
[7.994s] INFO:colcon.colcon_core.shell:Creating prefix chain script '/Users/annabethpan/Documents/GitHub/AVC-Ros-humble/ros2-humble-ws/install/setup.sh'
[7.995s] INFO:colcon.colcon_core.shell:Creating prefix script '/Users/annabethpan/Documents/GitHub/AVC-Ros-humble/ros2-humble-ws/install/local_setup.bash'
[7.996s] INFO:colcon.colcon_core.shell:Creating prefix chain script '/Users/annabethpan/Documents/GitHub/AVC-Ros-humble/ros2-humble-ws/install/setup.bash'
[7.996s] INFO:colcon.colcon_core.shell:Creating prefix script '/Users/annabethpan/Documents/GitHub/AVC-Ros-humble/ros2-humble-ws/install/local_setup.zsh'
[7.998s] INFO:colcon.colcon_core.shell:Creating prefix chain script '/Users/annabethpan/Documents/GitHub/AVC-Ros-humble/ros2-humble-ws/install/setup.zsh'
