-- The C compiler identification is AppleClang 16.0.0.16000026
-- The CXX compiler identification is AppleClang 16.0.0.16000026
-- Detecting C compiler ABI info
-- Detecting C compiler ABI info - done
-- Check for working C compiler: /usr/bin/cc - skipped
-- Detecting C compile features
-- Detecting C compile features - done
-- Detecting CXX compiler ABI info
-- Detecting CXX compiler ABI info - done
-- Check for working CXX compiler: /usr/bin/c++ - skipped
-- Detecting CXX compile features
-- Detecting CXX compile features - done
-- Found ament_cmake: 2.5.4 (/Users/annabethpan/micromamba/envs/ros_env/share/ament_cmake/cmake)
-- Found Python3: /Users/annabethpan/micromamba/envs/ros_env/bin/python3 (found version "3.12.12") found components: Interpreter
-- Found rclcpp: 28.1.12 (/Users/annabethpan/micromamba/envs/ros_env/share/rclcpp/cmake)
-- Found rosidl_generator_c: 4.6.6 (/Users/annabethpan/micromamba/envs/ros_env/share/rosidl_generator_c/cmake)
-- Found rosidl_generator_cpp: 4.6.6 (/Users/annabethpan/micromamba/envs/ros_env/share/rosidl_generator_cpp/cmake)
-- Using all available rosidl_typesupport_c: rosidl_typesupport_fastrtps_c;rosidl_typesupport_introspection_c
-- Using all available rosidl_typesupport_cpp: rosidl_typesupport_fastrtps_cpp;rosidl_typesupport_introspection_cpp
-- Found rmw_implementation_cmake: 7.3.2 (/Users/annabethpan/micromamba/envs/ros_env/share/rmw_implementation_cmake/cmake)
-- Found rmw_fastrtps_cpp: 8.4.3 (/Users/annabethpan/micromamba/envs/ros_env/share/rmw_fastrtps_cpp/cmake)
-- Found OpenSSL: /Users/annabethpan/micromamba/envs/ros_env/lib/libcrypto.dylib (found version "3.6.0")
-- Found FastRTPS: /Users/annabethpan/micromamba/envs/ros_env/include (Required is at least version "2.13")
-- Using RMW implementation 'rmw_fastrtps_cpp' as default
-- Found std_msgs: 5.3.6 (/Users/annabethpan/micromamba/envs/ros_env/share/std_msgs/cmake)
-- Found sensor_msgs: 5.3.6 (/Users/annabethpan/micromamba/envs/ros_env/share/sensor_msgs/cmake)
-- Found cv_bridge: 4.1.0 (/Users/annabethpan/micromamba/envs/ros_env/share/cv_bridge/cmake)
-- Found image_transport: 5.1.7 (/Users/annabethpan/micromamba/envs/ros_env/share/image_transport/cmake)
-- Found OpenCV: /Users/annabethpan/micromamba/envs/ros_env (found version "4.11.0")
-- Found ament_lint_auto: 0.17.3 (/Users/annabethpan/micromamba/envs/ros_env/share/ament_lint_auto/cmake)
-- Added test 'cppcheck' to perform static code analysis on C / C++ code
-- Configured cppcheck include dirs: $<BUILD_INTERFACE:/Users/annabethpan/Documents/GitHub/AVC-Ros-humble/ros2-humble-ws/src/yolo_stereo/include>
-- Configured cppcheck exclude dirs and/or files: 
-- Added test 'lint_cmake' to check CMake code style
-- Added test 'uncrustify' to check C / C++ code style
-- Configured uncrustify additional arguments: 
-- Added test 'xmllint' to check XML markup files
-- Configuring done (6.0s)
-- Generating done (0.1s)
-- Build files have been written to: /Users/annabethpan/Documents/GitHub/AVC-Ros-humble/ros2-humble-ws/build/yolo_stereo
[ 50%] Building CXX object CMakeFiles/YoloDepthFuser.dir/src/YoloDepthFuser.cpp.o
