[0.033s] Invoking command in '/Users/annabethpan/Documents/GitHub/AVC-Ros-humble/ros2-humble-ws/build/yolo_stereo': CMAKE_PREFIX_PATH=/Users/annabethpan/micromamba/envs/ros_env CONDA_PROMPT_MODIFIER=(ros_env) SHLVL=2 _=/usr/bin/env /Users/annabethpan/micromamba/envs/ros_env/bin/cmake /Users/annabethpan/Documents/GitHub/AVC-Ros-humble/ros2-humble-ws/src/yolo_stereo -DCMAKE_INSTALL_PREFIX=/Users/annabethpan/Documents/GitHub/AVC-Ros-humble/ros2-humble-ws/install/yolo_stereo
[0.286s] CMake Deprecation Warning at CMakeLists.txt:1 (cmake_minimum_required):
[0.287s]   Compatibility with CMake < 3.10 will be removed from a future version of
[0.287s]   CMake.
[0.287s] 
[0.287s]   Update the VERSION argument <min> value.  Or, use the <min>...<max> syntax
[0.287s]   to tell CMake that the project requires at least <min> but has been updated
[0.287s]   to work with policies introduced by <max> or earlier.
[0.287s] 
[0.287s] 
[0.924s] -- The C compiler identification is AppleClang 16.0.0.16000026
[1.060s] -- The CXX compiler identification is AppleClang 16.0.0.16000026
[1.081s] -- Detecting C compiler ABI info
[1.288s] -- Detecting C compiler ABI info - done
[1.306s] -- Check for working C compiler: /usr/bin/cc - skipped
[1.306s] -- Detecting C compile features
[1.307s] -- Detecting C compile features - done
[1.319s] -- Detecting CXX compiler ABI info
[1.512s] -- Detecting CXX compiler ABI info - done
[1.530s] -- Check for working CXX compiler: /usr/bin/c++ - skipped
[1.531s] -- Detecting CXX compile features
[1.532s] -- Detecting CXX compile features - done
[1.565s] -- Found ament_cmake: 2.5.4 (/Users/annabethpan/micromamba/envs/ros_env/share/ament_cmake/cmake)
[1.874s] -- Found Python3: /Users/annabethpan/micromamba/envs/ros_env/bin/python3 (found version "3.12.12") found components: Interpreter
[2.411s] -- Found rclcpp: 28.1.12 (/Users/annabethpan/micromamba/envs/ros_env/share/rclcpp/cmake)
[2.640s] -- Found rosidl_generator_c: 4.6.6 (/Users/annabethpan/micromamba/envs/ros_env/share/rosidl_generator_c/cmake)
[2.722s] -- Found rosidl_generator_cpp: 4.6.6 (/Users/annabethpan/micromamba/envs/ros_env/share/rosidl_generator_cpp/cmake)
[2.812s] -- Using all available rosidl_typesupport_c: rosidl_typesupport_fastrtps_c;rosidl_typesupport_introspection_c
[2.905s] -- Using all available rosidl_typesupport_cpp: rosidl_typesupport_fastrtps_cpp;rosidl_typesupport_introspection_cpp
[3.267s] -- Found rmw_implementation_cmake: 7.3.2 (/Users/annabethpan/micromamba/envs/ros_env/share/rmw_implementation_cmake/cmake)
[3.290s] -- Found rmw_fastrtps_cpp: 8.4.3 (/Users/annabethpan/micromamba/envs/ros_env/share/rmw_fastrtps_cpp/cmake)
[5.013s] -- Found OpenSSL: /Users/annabethpan/micromamba/envs/ros_env/lib/libcrypto.dylib (found version "3.6.0")
[5.165s] -- Found FastRTPS: /Users/annabethpan/micromamba/envs/ros_env/include (Required is at least version "2.13")
[5.254s] -- Using RMW implementation 'rmw_fastrtps_cpp' as default
[5.548s] -- Found std_msgs: 5.3.6 (/Users/annabethpan/micromamba/envs/ros_env/share/std_msgs/cmake)
[5.610s] -- Found sensor_msgs: 5.3.6 (/Users/annabethpan/micromamba/envs/ros_env/share/sensor_msgs/cmake)
[5.743s] -- Found cv_bridge: 4.1.0 (/Users/annabethpan/micromamba/envs/ros_env/share/cv_bridge/cmake)
[5.809s] -- Found image_transport: 5.1.7 (/Users/annabethpan/micromamba/envs/ros_env/share/image_transport/cmake)
[5.936s] -- Found OpenCV: /Users/annabethpan/micromamba/envs/ros_env (found version "4.11.0")
[5.955s] -- Found ament_lint_auto: 0.17.3 (/Users/annabethpan/micromamba/envs/ros_env/share/ament_lint_auto/cmake)
[6.248s] -- Added test 'cppcheck' to perform static code analysis on C / C++ code
[6.248s] -- Configured cppcheck include dirs: $<BUILD_INTERFACE:/Users/annabethpan/Documents/GitHub/AVC-Ros-humble/ros2-humble-ws/src/yolo_stereo/include>
[6.248s] -- Configured cppcheck exclude dirs and/or files: 
[6.250s] -- Added test 'lint_cmake' to check CMake code style
[6.253s] -- Added test 'uncrustify' to check C / C++ code style
[6.253s] -- Configured uncrustify additional arguments: 
[6.255s] -- Added test 'xmllint' to check XML markup files
[6.258s] -- Configuring done (6.0s)
[6.337s] -- Generating done (0.1s)
[6.446s] -- Build files have been written to: /Users/annabethpan/Documents/GitHub/AVC-Ros-humble/ros2-humble-ws/build/yolo_stereo
[6.455s] Invoked command in '/Users/annabethpan/Documents/GitHub/AVC-Ros-humble/ros2-humble-ws/build/yolo_stereo' returned '0': CMAKE_PREFIX_PATH=/Users/annabethpan/micromamba/envs/ros_env CONDA_PROMPT_MODIFIER=(ros_env) SHLVL=2 _=/usr/bin/env /Users/annabethpan/micromamba/envs/ros_env/bin/cmake /Users/annabethpan/Documents/GitHub/AVC-Ros-humble/ros2-humble-ws/src/yolo_stereo -DCMAKE_INSTALL_PREFIX=/Users/annabethpan/Documents/GitHub/AVC-Ros-humble/ros2-humble-ws/install/yolo_stereo
[6.458s] Invoking command in '/Users/annabethpan/Documents/GitHub/AVC-Ros-humble/ros2-humble-ws/build/yolo_stereo': CMAKE_PREFIX_PATH=/Users/annabethpan/micromamba/envs/ros_env CONDA_PROMPT_MODIFIER=(ros_env) SHLVL=2 _=/usr/bin/env /Users/annabethpan/micromamba/envs/ros_env/bin/cmake --build /Users/annabethpan/Documents/GitHub/AVC-Ros-humble/ros2-humble-ws/build/yolo_stereo -- -j8 -l8
[6.570s] [ 50%] Building CXX object CMakeFiles/YoloDepthFuser.dir/src/YoloDepthFuser.cpp.o
[7.251s] /Users/annabethpan/Documents/GitHub/AVC-Ros-humble/ros2-humble-ws/src/yolo_stereo/src/YoloDepthFuser.cpp:10:10: fatal error: 'opencv2/opencv.hpp' file not found
[7.251s]    10 | #include <opencv2/opencv.hpp>
[7.251s]       |          ^~~~~~~~~~~~~~~~~~~~
[7.252s] 1 error generated.
[7.255s] make[2]: *** [CMakeFiles/YoloDepthFuser.dir/src/YoloDepthFuser.cpp.o] Error 1
[7.255s] make[1]: *** [CMakeFiles/YoloDepthFuser.dir/all] Error 2
[7.255s] make: *** [all] Error 2
[7.257s] Invoked command in '/Users/annabethpan/Documents/GitHub/AVC-Ros-humble/ros2-humble-ws/build/yolo_stereo' returned '2': CMAKE_PREFIX_PATH=/Users/annabethpan/micromamba/envs/ros_env CONDA_PROMPT_MODIFIER=(ros_env) SHLVL=2 _=/usr/bin/env /Users/annabethpan/micromamba/envs/ros_env/bin/cmake --build /Users/annabethpan/Documents/GitHub/AVC-Ros-humble/ros2-humble-ws/build/yolo_stereo -- -j8 -l8
