[0.000000] (-) TimerEvent: {}
[0.000478] (yolo_stereo) JobQueued: {'identifier': 'yolo_stereo', 'dependencies': OrderedDict()}
[0.000719] (yolo_stereo) JobStarted: {'identifier': 'yolo_stereo'}
[0.012140] (yolo_stereo) JobProgress: {'identifier': 'yolo_stereo', 'progress': 'cmake'}
[0.015184] (yolo_stereo) JobProgress: {'identifier': 'yolo_stereo', 'progress': 'build'}
[0.016606] (yolo_stereo) Command: {'cmd': ['/bin/cmake', '--build', '/Users/annabethpan/Documents/GitHub/AVC-Ros-humble/ros2-humble-ws/build/yolo_stereo', '--', '-j4', '-l4'], 'cwd': '/Users/annabethpan/Documents/GitHub/AVC-Ros-humble/ros2-humble-ws/build/yolo_stereo', 'env': OrderedDict([('TERM_SESSION_ID', 'F8805518-9F68-4CEF-84BF-7F1FAFE76B3B'), ('USER', 'annabethpan'), ('HOSTNAME', 'Annabeths-MacBook-Air.local'), ('XDG_CACHE_HOME', '/Users/annabethpan/.cache'), ('SHLVL', '4'), ('LD_LIBRARY_PATH', '/opt/ros/humble/opt/rviz_ogre_vendor/lib:/opt/ros/humble/lib/aarch64-linux-gnu:/opt/ros/humble/lib'), ('HOME', '/Users/annabethpan'), ('CONDA_SHLVL', '0'), ('OLDPWD', '/Users/annabethpan/Documents/GitHub/AVC-Ros-humble/ros2-humble-ws/my_opencv_demo/src'), ('TERM_PROGRAM_VERSION', '453'), ('ROS_PYTHON_VERSION', '3'), ('XDG_STATE_HOME', '/Users/annabethpan/.local/state'), ('DISTROBOX_ENTER_PATH', '/usr/local/bin/distrobox-enter'), ('container', 'podman'), ('INFOPATH', '/opt/homebrew/share/info:/opt/homebrew/share/info:/opt/homebrew/share/info:'), ('TMPDIR', '/var/folders/xg/qv5s5tdj7j583p8z2m8zbp900000gn/T/'), ('ROS_DISTRO', 'humble'), ('LOGNAME', 'annabethpan'), ('_', '/bin/colcon'), ('TERMINFO_DIRS', '/usr/share/terminfo:/run/host/usr/share/terminfo'), ('ROS_VERSION', '2'), ('TERM', 'xterm-256color'), ('ROS_LOCALHOST_ONLY', '0'), ('PATH', '/opt/ros/humble/bin:/Users/annabethpan/../../Users/annabethpan/Library/Python/3.9/bin:/bin:/usr/bin:/usr/local/bin:/sbin:/Applications/Visual Studio Code.app/Contents/Resources/app/bin:/usr/local/share/dotnet:/Users/annabethpan/.platformio/penv/bin'), ('MAMBA_ROOT_PREFIX', '/Users/annabethpan/micromamba'), ('LANG', 'en_US.UTF-8'), ('XDG_CONFIG_HOME', '/Users/annabethpan/.config'), ('XDG_DATA_HOME', '/Users/annabethpan/.local/share'), ('TERM_PROGRAM', 'Apple_Terminal'), ('SSH_AUTH_SOCK', '/private/tmp/com.apple.launchd.hRZniw5IWu/Listeners'), ('AMENT_PREFIX_PATH', '/opt/ros/humble'), ('SHELL', 'zsh'), ('MAMBA_EXE', '/Users/annabethpan/.local/bin/micromamba'), ('CONTAINER_ID', 'ROSBOX-HUMBLE'), ('PWD', '/Users/annabethpan/Documents/GitHub/AVC-Ros-humble/ros2-humble-ws/build/yolo_stereo'), ('XDG_CONFIG_DIRS', '/etc/xdg'), ('XDG_DATA_DIRS', '/usr/local/share:/usr/share'), ('PYTHONPATH', '/opt/ros/humble/lib/python3.10/site-packages:/opt/ros/humble/local/lib/python3.10/dist-packages'), ('XPC_FLAGS', '0x0'), ('COLCON', '1'), ('XPC_SERVICE_NAME', '0'), ('CMAKE_PREFIX_PATH', '/opt/ros/humble')]), 'shell': False}
[0.084825] (yolo_stereo) StdoutLine: {'line': b'-- Found ament_cmake: 1.3.14 (/opt/ros/humble/share/ament_cmake/cmake)\n'}
[0.101370] (-) TimerEvent: {}
[0.203696] (-) TimerEvent: {}
[0.308279] (-) TimerEvent: {}
[0.334262] (yolo_stereo) StdoutLine: {'line': b'-- Found rclcpp: 16.0.19 (/opt/ros/humble/share/rclcpp/cmake)\n'}
[0.409678] (yolo_stereo) StdoutLine: {'line': b'-- Found rosidl_generator_c: 3.1.8 (/opt/ros/humble/share/rosidl_generator_c/cmake)\n'}
[0.411161] (-) TimerEvent: {}
[0.414505] (yolo_stereo) StdoutLine: {'line': b'-- Found rosidl_adapter: 3.1.8 (/opt/ros/humble/share/rosidl_adapter/cmake)\n'}
[0.422771] (yolo_stereo) StdoutLine: {'line': b'-- Found rosidl_generator_cpp: 3.1.8 (/opt/ros/humble/share/rosidl_generator_cpp/cmake)\n'}
[0.437926] (yolo_stereo) StdoutLine: {'line': b'-- Using all available rosidl_typesupport_c: rosidl_typesupport_fastrtps_c;rosidl_typesupport_introspection_c\n'}
[0.455781] (yolo_stereo) StdoutLine: {'line': b'-- Using all available rosidl_typesupport_cpp: rosidl_typesupport_fastrtps_cpp;rosidl_typesupport_introspection_cpp\n'}
[0.501176] (yolo_stereo) StdoutLine: {'line': b'-- Found rmw_implementation_cmake: 6.1.2 (/opt/ros/humble/share/rmw_implementation_cmake/cmake)\n'}
[0.502938] (yolo_stereo) StdoutLine: {'line': b'-- Found rmw_fastrtps_cpp: 6.2.10 (/opt/ros/humble/share/rmw_fastrtps_cpp/cmake)\n'}
[0.513065] (-) TimerEvent: {}
[0.618519] (-) TimerEvent: {}
[0.671601] (yolo_stereo) StdoutLine: {'line': b"-- Using RMW implementation 'rmw_fastrtps_cpp' as default\n"}
[0.723663] (-) TimerEvent: {}
[0.731826] (yolo_stereo) StdoutLine: {'line': b'-- Found stereo_msgs: 4.9.1 (/opt/ros/humble/share/stereo_msgs/cmake)\n'}
[0.789588] (yolo_stereo) StdoutLine: {'line': b'-- Found vision_msgs: 4.1.1 (/opt/ros/humble/share/vision_msgs/cmake)\n'}
[0.807369] (yolo_stereo) StdoutLine: {'line': b'-- Found cv_bridge: 3.2.1 (/opt/ros/humble/share/cv_bridge/cmake)\n'}
[0.817962] (yolo_stereo) StdoutLine: {'line': b'-- Found image_transport: 3.1.12 (/opt/ros/humble/share/image_transport/cmake)\n'}
[0.824990] (-) TimerEvent: {}
[0.865598] (yolo_stereo) StdoutLine: {'line': b'-- Found ament_lint_auto: 0.12.15 (/opt/ros/humble/share/ament_lint_auto/cmake)\n'}
[0.925207] (-) TimerEvent: {}
[0.958516] (yolo_stereo) StdoutLine: {'line': b"-- Added test 'cppcheck' to perform static code analysis on C / C++ code\n"}
[0.959185] (yolo_stereo) StdoutLine: {'line': b'-- Configured cppcheck include dirs: $<BUILD_INTERFACE:/Users/annabethpan/Documents/GitHub/AVC-Ros-humble/ros2-humble-ws/src/yolo_stereo/include>\n'}
[0.959755] (yolo_stereo) StdoutLine: {'line': b'-- Configured cppcheck exclude dirs and/or files: \n'}
[0.962101] (yolo_stereo) StdoutLine: {'line': b"-- Added test 'lint_cmake' to check CMake code style\n"}
[0.970492] (yolo_stereo) StdoutLine: {'line': b"-- Added test 'uncrustify' to check C / C++ code style\n"}
[0.971129] (yolo_stereo) StdoutLine: {'line': b'-- Configured uncrustify additional arguments: \n'}
[0.971835] (yolo_stereo) StdoutLine: {'line': b"-- Added test 'xmllint' to check XML markup files\n"}
[0.976861] (yolo_stereo) StdoutLine: {'line': b'-- Configuring done\n'}
[1.025388] (-) TimerEvent: {}
[1.038794] (yolo_stereo) StdoutLine: {'line': b'-- Generating done\n'}
[1.070823] (yolo_stereo) StdoutLine: {'line': b'-- Build files have been written to: /Users/annabethpan/Documents/GitHub/AVC-Ros-humble/ros2-humble-ws/build/yolo_stereo\n'}
[1.102361] (yolo_stereo) StdoutLine: {'line': b'\x1b[35m\x1b[1mConsolidate compiler generated dependencies of target YoloDepthFuser\x1b[0m\n'}
[1.125550] (-) TimerEvent: {}
[1.230326] (-) TimerEvent: {}
[1.331009] (-) TimerEvent: {}
[1.436374] (-) TimerEvent: {}
[1.561838] (-) TimerEvent: {}
[1.603301] (yolo_stereo) StdoutLine: {'line': b'[ 50%] \x1b[32m\x1b[1mLinking CXX executable YoloDepthFuser\x1b[0m\n'}
[1.662208] (-) TimerEvent: {}
[1.777579] (-) TimerEvent: {}
[1.883250] (-) TimerEvent: {}
[1.989586] (-) TimerEvent: {}
[2.095178] (-) TimerEvent: {}
[2.195941] (-) TimerEvent: {}
[2.215223] (yolo_stereo) StderrLine: {'line': b'/bin/ld: warning: libcharls.so.2, needed by /lib/aarch64-linux-gnu/libgdcmMSFF.so.3.0, not found (try using -rpath or -rpath-link)\n'}
[2.245908] (yolo_stereo) StderrLine: {'line': b'/bin/ld: warning: libcfitsio.so.9, needed by /lib/libgdal.so.30, not found (try using -rpath or -rpath-link)\n'}
[2.296180] (-) TimerEvent: {}
[2.401707] (-) TimerEvent: {}
[2.507244] (-) TimerEvent: {}
[2.612794] (-) TimerEvent: {}
[2.718362] (-) TimerEvent: {}
[2.829415] (-) TimerEvent: {}
[2.934987] (-) TimerEvent: {}
[2.979240] (yolo_stereo) StderrLine: {'line': b"/bin/ld: /lib/libgdal.so.30: undefined reference to `fficol'\n"}
[2.980184] (yolo_stereo) StderrLine: {'line': b"/bin/ld: /lib/libgdal.so.30: undefined reference to `ffghof'\n"}
[2.981769] (yolo_stereo) StderrLine: {'line': b"/bin/ld: /lib/libgdal.so.30: undefined reference to `ffgtclll'\n"}
[2.982474] (yolo_stereo) StderrLine: {'line': b"/bin/ld: /lib/libgdal.so.30: undefined reference to `ffpcl'\n"}
[2.983177] (yolo_stereo) StderrLine: {'line': b"/bin/ld: /lib/libgdal.so.30: undefined reference to `ffcrtb'\n"}
[2.984258] (yolo_stereo) StderrLine: {'line': b"/bin/ld: /lib/libgdal.so.30: undefined reference to `ffgkls'\n"}
[2.984913] (yolo_stereo) StderrLine: {'line': b"/bin/ld: /lib/libgdal.so.30: undefined reference to `ffgcx'\n"}
[2.985829] (yolo_stereo) StderrLine: {'line': b"/bin/ld: /lib/aarch64-linux-gnu/libgdcmMSFF.so.3.0: undefined reference to `JpegLsEncode'\n"}
[2.986609] (yolo_stereo) StderrLine: {'line': b"/bin/ld: /lib/libgdal.so.30: undefined reference to `ffpcls'\n"}
[2.987192] (yolo_stereo) StderrLine: {'line': b"/bin/ld: /lib/aarch64-linux-gnu/libgdcmMSFF.so.3.0: undefined reference to `JpegLsReadHeader'\n"}
[2.987810] (yolo_stereo) StderrLine: {'line': b"/bin/ld: /lib/libgdal.so.30: undefined reference to `ffplsw'\n"}
[2.991529] (yolo_stereo) StderrLine: {'line': b"/bin/ld: /lib/libgdal.so.30: undefined reference to `ffgncl'\n"}
[2.992253] (yolo_stereo) StderrLine: {'line': b"/bin/ld: /lib/libgdal.so.30: undefined reference to `ffclos'\n"}
[2.992937] (yolo_stereo) StderrLine: {'line': b"/bin/ld: /lib/libgdal.so.30: undefined reference to `ffgbclll'\n"}
[2.993583] (yolo_stereo) StderrLine: {'line': b"/bin/ld: /lib/aarch64-linux-gnu/libgdcmMSFF.so.3.0: undefined reference to `JpegLsDecode'\n"}
[2.994269] (yolo_stereo) StderrLine: {'line': b"/bin/ld: /lib/libgdal.so.30: undefined reference to `ffcrim'\n"}
[2.994921] (yolo_stereo) StderrLine: {'line': b"/bin/ld: /lib/libgdal.so.30: undefined reference to `ffmahd'\n"}
[2.995569] (yolo_stereo) StderrLine: {'line': b"/bin/ld: /lib/libgdal.so.30: undefined reference to `ffukls'\n"}
[2.996421] (yolo_stereo) StderrLine: {'line': b"/bin/ld: /lib/libgdal.so.30: undefined reference to `ffgnrwll'\n"}
[2.997136] (yolo_stereo) StderrLine: {'line': b"/bin/ld: /lib/libgdal.so.30: undefined reference to `ffppr'\n"}
[2.997803] (yolo_stereo) StderrLine: {'line': b"/bin/ld: /lib/libgdal.so.30: undefined reference to `ffgkyn'\n"}
[2.998461] (yolo_stereo) StderrLine: {'line': b"/bin/ld: /lib/libgdal.so.30: undefined reference to `ffpclx'\n"}
[2.999745] (yolo_stereo) StderrLine: {'line': b"/bin/ld: /lib/libgdal.so.30: undefined reference to `ffgcv'\n"}
[3.000445] (yolo_stereo) StderrLine: {'line': b"/bin/ld: /lib/libgdal.so.30: undefined reference to `ffghbnll'\n"}
[3.002583] (yolo_stereo) StderrLine: {'line': b"/bin/ld: /lib/libgdal.so.30: undefined reference to `ffdrow'\n"}
[3.003161] (yolo_stereo) StderrLine: {'line': b"/bin/ld: /lib/libgdal.so.30: undefined reference to `ffgky'\n"}
[3.003711] (yolo_stereo) StderrLine: {'line': b"/bin/ld: /lib/libgdal.so.30: undefined reference to `ffgpv'\n"}
[3.004260] (yolo_stereo) StderrLine: {'line': b"/bin/ld: /lib/libgdal.so.30: undefined reference to `ffghsp'\n"}
[3.004934] (yolo_stereo) StderrLine: {'line': b"/bin/ld: /lib/libgdal.so.30: undefined reference to `ffgdesll'\n"}
[3.006303] (yolo_stereo) StderrLine: {'line': b"/bin/ld: /lib/libgdal.so.30: undefined reference to `ffopentest'\n"}
[3.006960] (yolo_stereo) StderrLine: {'line': b"/bin/ld: /lib/libgdal.so.30: undefined reference to `ffuky'\n"}
[3.008289] (yolo_stereo) StderrLine: {'line': b"/bin/ld: /lib/libgdal.so.30: undefined reference to `ffinit'\n"}
[3.008856] (yolo_stereo) StderrLine: {'line': b"/bin/ld: /lib/libgdal.so.30: undefined reference to `ffthdu'\n"}
[3.009406] (yolo_stereo) StderrLine: {'line': b"/bin/ld: /lib/libgdal.so.30: undefined reference to `ffgcvs'\n"}
[3.010352] (yolo_stereo) StderrLine: {'line': b"/bin/ld: /lib/libgdal.so.30: undefined reference to `ffgipr'\n"}
[3.011204] (yolo_stereo) StderrLine: {'line': b"/bin/ld: /lib/libgdal.so.30: undefined reference to `fits_is_compressed_image'\n"}
[3.040101] (-) TimerEvent: {}
[3.145627] (-) TimerEvent: {}
[3.208136] (yolo_stereo) StderrLine: {'line': b'collect2: error: ld returned 1 exit status\n'}
[3.211261] (yolo_stereo) StderrLine: {'line': b'gmake[2]: *** [CMakeFiles/YoloDepthFuser.dir/build.make:248: YoloDepthFuser] Error 1\n'}
[3.212246] (yolo_stereo) StderrLine: {'line': b'gmake[1]: *** [CMakeFiles/Makefile2:137: CMakeFiles/YoloDepthFuser.dir/all] Error 2\n'}
[3.212915] (yolo_stereo) StderrLine: {'line': b'gmake: *** [Makefile:146: all] Error 2\n'}
[3.219974] (yolo_stereo) CommandEnded: {'returncode': 2}
[3.245723] (-) TimerEvent: {}
[3.246174] (yolo_stereo) JobEnded: {'identifier': 'yolo_stereo', 'rc': 2}
[3.258538] (-) EventReactorShutdown: {}
