[0.143s] DEBUG:colcon:Command line arguments: ['/bin/colcon', 'build', '--packages-select', 'yolo_stereo']
[0.143s] DEBUG:colcon:Parsed command line arguments: Namespace(log_base=None, log_level=None, verb_name='build', build_base='build', install_base='install', merge_install=False, symlink_install=False, test_result_base=None, continue_on_error=False, executor='parallel', parallel_workers=4, event_handlers=None, ignore_user_meta=False, metas=['./colcon.meta'], base_paths=['.'], packages_ignore=None, packages_ignore_regex=None, paths=None, packages_up_to=None, packages_up_to_regex=None, packages_above=None, packages_above_and_dependencies=None, packages_above_depth=None, packages_select_by_dep=None, packages_skip_by_dep=None, packages_skip_up_to=None, packages_select_build_failed=False, packages_skip_build_finished=False, packages_select_test_failures=False, packages_skip_test_passed=False, packages_select=['yolo_stereo'], packages_skip=None, packages_select_regex=None, packages_skip_regex=None, packages_start=None, packages_end=None, allow_overriding=[], cmake_args=None, cmake_target=None, cmake_target_skip_unavailable=False, cmake_clean_cache=False, cmake_clean_first=False, cmake_force_configure=False, ament_cmake_args=None, catkin_cmake_args=None, catkin_skip_building_tests=False, mixin_files=None, mixin=None, verb_parser=<colcon_mixin.mixin.mixin_argument.MixinArgumentDecorator object at 0xffffafde4eb0>, verb_extension=<colcon_core.verb.build.BuildVerb object at 0xffffaff71e40>, main=<bound method BuildVerb.main of <colcon_core.verb.build.BuildVerb object at 0xffffaff71e40>>, mixin_verb=('build',))
[0.333s] Level 1:colcon.colcon_core.package_discovery:discover_packages(colcon_meta) check parameters
[0.334s] Level 1:colcon.colcon_core.package_discovery:discover_packages(recursive) check parameters
[0.335s] Level 1:colcon.colcon_core.package_discovery:discover_packages(ignore) check parameters
[0.335s] Level 1:colcon.colcon_core.package_discovery:discover_packages(path) check parameters
[0.335s] Level 1:colcon.colcon_core.package_discovery:discover_packages(colcon_meta) discover
[0.335s] Level 1:colcon.colcon_core.package_discovery:discover_packages(recursive) discover
[0.336s] INFO:colcon.colcon_core.package_discovery:Crawling recursively for packages in '/Users/annabethpan/Documents/GitHub/AVC-Ros-humble/ros2-humble-ws'
[0.338s] Level 1:colcon.colcon_core.package_identification:_identify(.) by extensions ['ignore', 'ignore_ament_install']
[0.338s] Level 1:colcon.colcon_core.package_identification:_identify(.) by extension 'ignore'
[0.339s] Level 1:colcon.colcon_core.package_identification:_identify(.) by extension 'ignore_ament_install'
[0.339s] Level 1:colcon.colcon_core.package_identification:_identify(.) by extensions ['colcon_pkg']
[0.340s] Level 1:colcon.colcon_core.package_identification:_identify(.) by extension 'colcon_pkg'
[0.340s] Level 1:colcon.colcon_core.package_identification:_identify(.) by extensions ['colcon_meta']
[0.340s] Level 1:colcon.colcon_core.package_identification:_identify(.) by extension 'colcon_meta'
[0.341s] Level 1:colcon.colcon_core.package_identification:_identify(.) by extensions ['ros']
[0.341s] Level 1:colcon.colcon_core.package_identification:_identify(.) by extension 'ros'
[0.357s] Level 1:colcon.colcon_core.package_identification:_identify(.) by extensions ['cmake', 'python']
[0.357s] Level 1:colcon.colcon_core.package_identification:_identify(.) by extension 'cmake'
[0.358s] Level 1:colcon.colcon_core.package_identification:_identify(.) by extension 'python'
[0.358s] Level 1:colcon.colcon_core.package_identification:_identify(.) by extensions ['python_setup_py']
[0.359s] Level 1:colcon.colcon_core.package_identification:_identify(.) by extension 'python_setup_py'
[0.360s] Level 1:colcon.colcon_core.package_identification:_identify(build) by extensions ['ignore', 'ignore_ament_install']
[0.361s] Level 1:colcon.colcon_core.package_identification:_identify(build) by extension 'ignore'
[0.361s] Level 1:colcon.colcon_core.package_identification:_identify(build) ignored
[0.362s] Level 1:colcon.colcon_core.package_identification:_identify(install) by extensions ['ignore', 'ignore_ament_install']
[0.363s] Level 1:colcon.colcon_core.package_identification:_identify(install) by extension 'ignore'
[0.363s] Level 1:colcon.colcon_core.package_identification:_identify(install) ignored
[0.364s] Level 1:colcon.colcon_core.package_identification:_identify(log) by extensions ['ignore', 'ignore_ament_install']
[0.364s] Level 1:colcon.colcon_core.package_identification:_identify(log) by extension 'ignore'
[0.364s] Level 1:colcon.colcon_core.package_identification:_identify(log) ignored
[0.365s] Level 1:colcon.colcon_core.package_identification:_identify(src) by extensions ['ignore', 'ignore_ament_install']
[0.365s] Level 1:colcon.colcon_core.package_identification:_identify(src) by extension 'ignore'
[0.366s] Level 1:colcon.colcon_core.package_identification:_identify(src) by extension 'ignore_ament_install'
[0.366s] Level 1:colcon.colcon_core.package_identification:_identify(src) by extensions ['colcon_pkg']
[0.366s] Level 1:colcon.colcon_core.package_identification:_identify(src) by extension 'colcon_pkg'
[0.367s] Level 1:colcon.colcon_core.package_identification:_identify(src) by extensions ['colcon_meta']
[0.367s] Level 1:colcon.colcon_core.package_identification:_identify(src) by extension 'colcon_meta'
[0.367s] Level 1:colcon.colcon_core.package_identification:_identify(src) by extensions ['ros']
[0.367s] Level 1:colcon.colcon_core.package_identification:_identify(src) by extension 'ros'
[0.368s] Level 1:colcon.colcon_core.package_identification:_identify(src) by extensions ['cmake', 'python']
[0.368s] Level 1:colcon.colcon_core.package_identification:_identify(src) by extension 'cmake'
[0.369s] Level 1:colcon.colcon_core.package_identification:_identify(src) by extension 'python'
[0.369s] Level 1:colcon.colcon_core.package_identification:_identify(src) by extensions ['python_setup_py']
[0.369s] Level 1:colcon.colcon_core.package_identification:_identify(src) by extension 'python_setup_py'
[0.371s] Level 1:colcon.colcon_core.package_identification:_identify(src/yolo_stereo) by extensions ['ignore', 'ignore_ament_install']
[0.371s] Level 1:colcon.colcon_core.package_identification:_identify(src/yolo_stereo) by extension 'ignore'
[0.371s] Level 1:colcon.colcon_core.package_identification:_identify(src/yolo_stereo) by extension 'ignore_ament_install'
[0.372s] Level 1:colcon.colcon_core.package_identification:_identify(src/yolo_stereo) by extensions ['colcon_pkg']
[0.372s] Level 1:colcon.colcon_core.package_identification:_identify(src/yolo_stereo) by extension 'colcon_pkg'
[0.372s] Level 1:colcon.colcon_core.package_identification:_identify(src/yolo_stereo) by extensions ['colcon_meta']
[0.372s] Level 1:colcon.colcon_core.package_identification:_identify(src/yolo_stereo) by extension 'colcon_meta'
[0.373s] Level 1:colcon.colcon_core.package_identification:_identify(src/yolo_stereo) by extensions ['ros']
[0.373s] Level 1:colcon.colcon_core.package_identification:_identify(src/yolo_stereo) by extension 'ros'
[0.381s] DEBUG:colcon.colcon_core.package_identification:Package 'src/yolo_stereo' with type 'ros.ament_cmake' and name 'yolo_stereo'
[0.381s] Level 1:colcon.colcon_core.package_discovery:discover_packages(recursive) using defaults
[0.381s] Level 1:colcon.colcon_core.package_discovery:discover_packages(ignore) discover
[0.382s] Level 1:colcon.colcon_core.package_discovery:discover_packages(ignore) using defaults
[0.382s] Level 1:colcon.colcon_core.package_discovery:discover_packages(path) discover
[0.382s] Level 1:colcon.colcon_core.package_discovery:discover_packages(path) using defaults
[0.411s] Level 1:colcon.colcon_core.package_discovery:discover_packages(prefix_path) check parameters
[0.411s] Level 1:colcon.colcon_core.package_discovery:discover_packages(prefix_path) discover
[0.414s] DEBUG:colcon.colcon_installed_package_information.package_discovery:Found 274 installed packages in /opt/ros/humble
[0.425s] Level 1:colcon.colcon_core.package_discovery:discover_packages(prefix_path) using defaults
[0.466s] Level 5:colcon.colcon_core.verb:set package 'yolo_stereo' build argument 'cmake_args' from command line to 'None'
[0.467s] Level 5:colcon.colcon_core.verb:set package 'yolo_stereo' build argument 'cmake_target' from command line to 'None'
[0.467s] Level 5:colcon.colcon_core.verb:set package 'yolo_stereo' build argument 'cmake_target_skip_unavailable' from command line to 'False'
[0.467s] Level 5:colcon.colcon_core.verb:set package 'yolo_stereo' build argument 'cmake_clean_cache' from command line to 'False'
[0.467s] Level 5:colcon.colcon_core.verb:set package 'yolo_stereo' build argument 'cmake_clean_first' from command line to 'False'
[0.468s] Level 5:colcon.colcon_core.verb:set package 'yolo_stereo' build argument 'cmake_force_configure' from command line to 'False'
[0.468s] Level 5:colcon.colcon_core.verb:set package 'yolo_stereo' build argument 'ament_cmake_args' from command line to 'None'
[0.468s] Level 5:colcon.colcon_core.verb:set package 'yolo_stereo' build argument 'catkin_cmake_args' from command line to 'None'
[0.468s] Level 5:colcon.colcon_core.verb:set package 'yolo_stereo' build argument 'catkin_skip_building_tests' from command line to 'False'
[0.468s] DEBUG:colcon.colcon_core.verb:Building package 'yolo_stereo' with the following arguments: {'ament_cmake_args': None, 'build_base': '/Users/annabethpan/Documents/GitHub/AVC-Ros-humble/ros2-humble-ws/build/yolo_stereo', 'catkin_cmake_args': None, 'catkin_skip_building_tests': False, 'cmake_args': None, 'cmake_clean_cache': False, 'cmake_clean_first': False, 'cmake_force_configure': False, 'cmake_target': None, 'cmake_target_skip_unavailable': False, 'install_base': '/Users/annabethpan/Documents/GitHub/AVC-Ros-humble/ros2-humble-ws/install/yolo_stereo', 'merge_install': False, 'path': '/Users/annabethpan/Documents/GitHub/AVC-Ros-humble/ros2-humble-ws/src/yolo_stereo', 'symlink_install': False, 'test_result_base': None}
[0.469s] INFO:colcon.colcon_core.executor:Executing jobs using 'parallel' executor
[0.471s] DEBUG:colcon.colcon_parallel_executor.executor.parallel:run_until_complete
[0.471s] INFO:colcon.colcon_ros.task.ament_cmake.build:Building ROS package in '/Users/annabethpan/Documents/GitHub/AVC-Ros-humble/ros2-humble-ws/src/yolo_stereo' with build type 'ament_cmake'
[0.471s] INFO:colcon.colcon_cmake.task.cmake.build:Building CMake package in '/Users/annabethpan/Documents/GitHub/AVC-Ros-humble/ros2-humble-ws/src/yolo_stereo'
[0.474s] INFO:colcon.colcon_core.plugin_system:Skipping extension 'colcon_core.shell.bat': Not used on non-Windows systems
[0.475s] INFO:colcon.colcon_core.shell:Skip shell extension 'powershell' for command environment: Not usable outside of PowerShell
[0.475s] DEBUG:colcon.colcon_core.shell:Skip shell extension 'dsv' for command environment
[0.499s] DEBUG:colcon.colcon_core.event_handler.log_command:Invoking command in '/Users/annabethpan/Documents/GitHub/AVC-Ros-humble/ros2-humble-ws/build/yolo_stereo': CMAKE_PREFIX_PATH=/opt/ros/humble /bin/cmake --build /Users/annabethpan/Documents/GitHub/AVC-Ros-humble/ros2-humble-ws/build/yolo_stereo -- -j4 -l4
[3.693s] DEBUG:colcon.colcon_core.event_handler.log_command:Invoked command in '/Users/annabethpan/Documents/GitHub/AVC-Ros-humble/ros2-humble-ws/build/yolo_stereo' returned '2': CMAKE_PREFIX_PATH=/opt/ros/humble /bin/cmake --build /Users/annabethpan/Documents/GitHub/AVC-Ros-humble/ros2-humble-ws/build/yolo_stereo -- -j4 -l4
[3.696s] Level 1:colcon.colcon_core.environment:create_environment_scripts_only(yolo_stereo)
[3.700s] Level 1:colcon.colcon_core.environment:checking '/Users/annabethpan/Documents/GitHub/AVC-Ros-humble/ros2-humble-ws/install/yolo_stereo' for CMake module files
[3.703s] Level 1:colcon.colcon_core.environment:checking '/Users/annabethpan/Documents/GitHub/AVC-Ros-humble/ros2-humble-ws/install/yolo_stereo' for CMake config files
[3.705s] Level 1:colcon.colcon_core.environment:checking '/Users/annabethpan/Documents/GitHub/AVC-Ros-humble/ros2-humble-ws/install/yolo_stereo/bin'
[3.706s] Level 1:colcon.colcon_core.environment:checking '/Users/annabethpan/Documents/GitHub/AVC-Ros-humble/ros2-humble-ws/install/yolo_stereo/lib/pkgconfig/yolo_stereo.pc'
[3.706s] Level 1:colcon.colcon_core.environment:checking '/Users/annabethpan/Documents/GitHub/AVC-Ros-humble/ros2-humble-ws/install/yolo_stereo/lib/python3.10/site-packages'
[3.707s] Level 1:colcon.colcon_core.environment:checking '/Users/annabethpan/Documents/GitHub/AVC-Ros-humble/ros2-humble-ws/install/yolo_stereo/bin'
[3.707s] INFO:colcon.colcon_core.shell:Creating package script '/Users/annabethpan/Documents/GitHub/AVC-Ros-humble/ros2-humble-ws/install/yolo_stereo/share/yolo_stereo/package.ps1'
[3.710s] INFO:colcon.colcon_core.shell:Creating package descriptor '/Users/annabethpan/Documents/GitHub/AVC-Ros-humble/ros2-humble-ws/install/yolo_stereo/share/yolo_stereo/package.dsv'
[3.712s] INFO:colcon.colcon_core.shell:Creating package script '/Users/annabethpan/Documents/GitHub/AVC-Ros-humble/ros2-humble-ws/install/yolo_stereo/share/yolo_stereo/package.sh'
[3.713s] INFO:colcon.colcon_core.shell:Creating package script '/Users/annabethpan/Documents/GitHub/AVC-Ros-humble/ros2-humble-ws/install/yolo_stereo/share/yolo_stereo/package.bash'
[3.715s] INFO:colcon.colcon_core.shell:Creating package script '/Users/annabethpan/Documents/GitHub/AVC-Ros-humble/ros2-humble-ws/install/yolo_stereo/share/yolo_stereo/package.zsh'
[3.716s] Level 1:colcon.colcon_core.environment:create_file_with_runtime_dependencies(/Users/annabethpan/Documents/GitHub/AVC-Ros-humble/ros2-humble-ws/install/yolo_stereo/share/colcon-core/packages/yolo_stereo)
[3.729s] DEBUG:colcon.colcon_parallel_executor.executor.parallel:closing loop
[3.729s] DEBUG:colcon.colcon_parallel_executor.executor.parallel:loop closed
[3.730s] DEBUG:colcon.colcon_parallel_executor.executor.parallel:run_until_complete finished with '2'
[3.730s] DEBUG:colcon.colcon_core.event_reactor:joining thread
[3.739s] INFO:colcon.colcon_core.plugin_system:Skipping extension 'colcon_notification.desktop_notification.notify_send': Could not find 'notify-send'
[3.740s] INFO:colcon.colcon_core.plugin_system:Skipping extension 'colcon_notification.desktop_notification.terminal_notifier': Not used on non-Darwin systems
[3.740s] INFO:colcon.colcon_core.plugin_system:Skipping extension 'colcon_notification.desktop_notification.win32': Not used on non-Windows systems
[3.740s] INFO:colcon.colcon_notification.desktop_notification:Sending desktop notification using 'notify2'
[3.740s] DEBUG:colcon.colcon_notification.desktop_notification.notify2:Failed to initialize notify2: org.freedesktop.DBus.Error.NotSupported: Unable to autolaunch a dbus-daemon without a $DISPLAY for X11
[3.741s] DEBUG:colcon.colcon_core.event_reactor:joined thread
[3.741s] INFO:colcon.colcon_core.shell:Creating prefix script '/Users/annabethpan/Documents/GitHub/AVC-Ros-humble/ros2-humble-ws/install/local_setup.ps1'
[3.743s] INFO:colcon.colcon_core.shell:Creating prefix util module '/Users/annabethpan/Documents/GitHub/AVC-Ros-humble/ros2-humble-ws/install/_local_setup_util_ps1.py'
[3.745s] INFO:colcon.colcon_core.shell:Creating prefix chain script '/Users/annabethpan/Documents/GitHub/AVC-Ros-humble/ros2-humble-ws/install/setup.ps1'
[3.747s] INFO:colcon.colcon_core.shell:Creating prefix script '/Users/annabethpan/Documents/GitHub/AVC-Ros-humble/ros2-humble-ws/install/local_setup.sh'
[3.748s] INFO:colcon.colcon_core.shell:Creating prefix util module '/Users/annabethpan/Documents/GitHub/AVC-Ros-humble/ros2-humble-ws/install/_local_setup_util_sh.py'
[3.749s] INFO:colcon.colcon_core.shell:Creating prefix chain script '/Users/annabethpan/Documents/GitHub/AVC-Ros-humble/ros2-humble-ws/install/setup.sh'
[3.751s] INFO:colcon.colcon_core.shell:Creating prefix script '/Users/annabethpan/Documents/GitHub/AVC-Ros-humble/ros2-humble-ws/install/local_setup.bash'
[3.752s] INFO:colcon.colcon_core.shell:Creating prefix chain script '/Users/annabethpan/Documents/GitHub/AVC-Ros-humble/ros2-humble-ws/install/setup.bash'
[3.753s] INFO:colcon.colcon_core.shell:Creating prefix script '/Users/annabethpan/Documents/GitHub/AVC-Ros-humble/ros2-humble-ws/install/local_setup.zsh'
[3.755s] INFO:colcon.colcon_core.shell:Creating prefix chain script '/Users/annabethpan/Documents/GitHub/AVC-Ros-humble/ros2-humble-ws/install/setup.zsh'
