[0.026s] Invoking command in '/Users/annabethpan/Documents/GitHub/AVC-Ros-humble/ros2-humble-ws/build/yolo_stereo': CMAKE_PREFIX_PATH=/opt/ros/humble /bin/cmake --build /Users/annabethpan/Documents/GitHub/AVC-Ros-humble/ros2-humble-ws/build/yolo_stereo -- -j4 -l4
[0.085s] -- Found ament_cmake: 1.3.14 (/opt/ros/humble/share/ament_cmake/cmake)
[0.333s] -- Found rclcpp: 16.0.19 (/opt/ros/humble/share/rclcpp/cmake)
[0.409s] -- Found rosidl_generator_c: 3.1.8 (/opt/ros/humble/share/rosidl_generator_c/cmake)
[0.414s] -- Found rosidl_adapter: 3.1.8 (/opt/ros/humble/share/rosidl_adapter/cmake)
[0.422s] -- Found rosidl_generator_cpp: 3.1.8 (/opt/ros/humble/share/rosidl_generator_cpp/cmake)
[0.438s] -- Using all available rosidl_typesupport_c: rosidl_typesupport_fastrtps_c;rosidl_typesupport_introspection_c
[0.455s] -- Using all available rosidl_typesupport_cpp: rosidl_typesupport_fastrtps_cpp;rosidl_typesupport_introspection_cpp
[0.501s] -- Found rmw_implementation_cmake: 6.1.2 (/opt/ros/humble/share/rmw_implementation_cmake/cmake)
[0.502s] -- Found rmw_fastrtps_cpp: 6.2.10 (/opt/ros/humble/share/rmw_fastrtps_cpp/cmake)
[0.671s] -- Using RMW implementation 'rmw_fastrtps_cpp' as default
[0.731s] -- Found stereo_msgs: 4.9.1 (/opt/ros/humble/share/stereo_msgs/cmake)
[0.789s] -- Found vision_msgs: 4.1.1 (/opt/ros/humble/share/vision_msgs/cmake)
[0.806s] -- Found cv_bridge: 3.2.1 (/opt/ros/humble/share/cv_bridge/cmake)
[0.817s] -- Found image_transport: 3.1.12 (/opt/ros/humble/share/image_transport/cmake)
[0.865s] -- Found ament_lint_auto: 0.12.15 (/opt/ros/humble/share/ament_lint_auto/cmake)
[0.958s] -- Added test 'cppcheck' to perform static code analysis on C / C++ code
[0.958s] -- Configured cppcheck include dirs: $<BUILD_INTERFACE:/Users/annabethpan/Documents/GitHub/AVC-Ros-humble/ros2-humble-ws/src/yolo_stereo/include>
[0.959s] -- Configured cppcheck exclude dirs and/or files: 
[0.961s] -- Added test 'lint_cmake' to check CMake code style
[0.970s] -- Added test 'uncrustify' to check C / C++ code style
[0.970s] -- Configured uncrustify additional arguments: 
[0.971s] -- Added test 'xmllint' to check XML markup files
[0.976s] -- Configuring done
[1.038s] -- Generating done
[1.070s] -- Build files have been written to: /Users/annabethpan/Documents/GitHub/AVC-Ros-humble/ros2-humble-ws/build/yolo_stereo
[1.102s] [35m[1mConsolidate compiler generated dependencies of target YoloDepthFuser[0m
[1.603s] [ 50%] [32m[1mLinking CXX executable YoloDepthFuser[0m
[2.215s] /bin/ld: warning: libcharls.so.2, needed by /lib/aarch64-linux-gnu/libgdcmMSFF.so.3.0, not found (try using -rpath or -rpath-link)
[2.245s] /bin/ld: warning: libcfitsio.so.9, needed by /lib/libgdal.so.30, not found (try using -rpath or -rpath-link)
[2.979s] /bin/ld: /lib/libgdal.so.30: undefined reference to `fficol'
[2.979s] /bin/ld: /lib/libgdal.so.30: undefined reference to `ffghof'
[2.981s] /bin/ld: /lib/libgdal.so.30: undefined reference to `ffgtclll'
[2.982s] /bin/ld: /lib/libgdal.so.30: undefined reference to `ffpcl'
[2.982s] /bin/ld: /lib/libgdal.so.30: undefined reference to `ffcrtb'
[2.983s] /bin/ld: /lib/libgdal.so.30: undefined reference to `ffgkls'
[2.984s] /bin/ld: /lib/libgdal.so.30: undefined reference to `ffgcx'
[2.985s] /bin/ld: /lib/aarch64-linux-gnu/libgdcmMSFF.so.3.0: undefined reference to `JpegLsEncode'
[2.986s] /bin/ld: /lib/libgdal.so.30: undefined reference to `ffpcls'
[2.986s] /bin/ld: /lib/aarch64-linux-gnu/libgdcmMSFF.so.3.0: undefined reference to `JpegLsReadHeader'
[2.987s] /bin/ld: /lib/libgdal.so.30: undefined reference to `ffplsw'
[2.991s] /bin/ld: /lib/libgdal.so.30: undefined reference to `ffgncl'
[2.991s] /bin/ld: /lib/libgdal.so.30: undefined reference to `ffclos'
[2.992s] /bin/ld: /lib/libgdal.so.30: undefined reference to `ffgbclll'
[2.993s] /bin/ld: /lib/aarch64-linux-gnu/libgdcmMSFF.so.3.0: undefined reference to `JpegLsDecode'
[2.993s] /bin/ld: /lib/libgdal.so.30: undefined reference to `ffcrim'
[2.994s] /bin/ld: /lib/libgdal.so.30: undefined reference to `ffmahd'
[2.995s] /bin/ld: /lib/libgdal.so.30: undefined reference to `ffukls'
[2.996s] /bin/ld: /lib/libgdal.so.30: undefined reference to `ffgnrwll'
[2.996s] /bin/ld: /lib/libgdal.so.30: undefined reference to `ffppr'
[2.997s] /bin/ld: /lib/libgdal.so.30: undefined reference to `ffgkyn'
[2.997s] /bin/ld: /lib/libgdal.so.30: undefined reference to `ffpclx'
[2.999s] /bin/ld: /lib/libgdal.so.30: undefined reference to `ffgcv'
[2.999s] /bin/ld: /lib/libgdal.so.30: undefined reference to `ffghbnll'
[3.002s] /bin/ld: /lib/libgdal.so.30: undefined reference to `ffdrow'
[3.002s] /bin/ld: /lib/libgdal.so.30: undefined reference to `ffgky'
[3.003s] /bin/ld: /lib/libgdal.so.30: undefined reference to `ffgpv'
[3.003s] /bin/ld: /lib/libgdal.so.30: undefined reference to `ffghsp'
[3.004s] /bin/ld: /lib/libgdal.so.30: undefined reference to `ffgdesll'
[3.005s] /bin/ld: /lib/libgdal.so.30: undefined reference to `ffopentest'
[3.006s] /bin/ld: /lib/libgdal.so.30: undefined reference to `ffuky'
[3.007s] /bin/ld: /lib/libgdal.so.30: undefined reference to `ffinit'
[3.008s] /bin/ld: /lib/libgdal.so.30: undefined reference to `ffthdu'
[3.008s] /bin/ld: /lib/libgdal.so.30: undefined reference to `ffgcvs'
[3.009s] /bin/ld: /lib/libgdal.so.30: undefined reference to `ffgipr'
[3.010s] /bin/ld: /lib/libgdal.so.30: undefined reference to `fits_is_compressed_image'
[3.207s] collect2: error: ld returned 1 exit status
[3.210s] gmake[2]: *** [CMakeFiles/YoloDepthFuser.dir/build.make:248: YoloDepthFuser] Error 1
[3.211s] gmake[1]: *** [CMakeFiles/Makefile2:137: CMakeFiles/YoloDepthFuser.dir/all] Error 2
[3.212s] gmake: *** [Makefile:146: all] Error 2
[3.219s] Invoked command in '/Users/annabethpan/Documents/GitHub/AVC-Ros-humble/ros2-humble-ws/build/yolo_stereo' returned '2': CMAKE_PREFIX_PATH=/opt/ros/humble /bin/cmake --build /Users/annabethpan/Documents/GitHub/AVC-Ros-humble/ros2-humble-ws/build/yolo_stereo -- -j4 -l4
