-- The C compiler identification is GNU 11.4.0
-- The CXX compiler identification is GNU 11.4.0
-- Detecting C compiler ABI info
-- Detecting C compiler ABI info - done
-- Check for working C compiler: /bin/cc - skipped
-- Detecting C compile features
-- Detecting C compile features - done
-- Detecting CXX compiler ABI info
-- Detecting CXX compiler ABI info - done
-- Check for working CXX compiler: /bin/c++ - skipped
-- Detecting CXX compile features
-- Detecting CXX compile features - done
-- Found ament_cmake: 1.3.14 (/opt/ros/humble/share/ament_cmake/cmake)
-- Found Python3: /bin/python3 (found version "3.10.12") found components: Interpreter 
-- Found rclcpp: 16.0.19 (/opt/ros/humble/share/rclcpp/cmake)
-- Found rosidl_generator_c: 3.1.8 (/opt/ros/humble/share/rosidl_generator_c/cmake)
-- Found rosidl_adapter: 3.1.8 (/opt/ros/humble/share/rosidl_adapter/cmake)
-- Found rosidl_generator_cpp: 3.1.8 (/opt/ros/humble/share/rosidl_generator_cpp/cmake)
-- Using all available rosidl_typesupport_c: rosidl_typesupport_fastrtps_c;rosidl_typesupport_introspection_c
-- Using all available rosidl_typesupport_cpp: rosidl_typesupport_fastrtps_cpp;rosidl_typesupport_introspection_cpp
-- Found rmw_implementation_cmake: 6.1.2 (/opt/ros/humble/share/rmw_implementation_cmake/cmake)
-- Found rmw_fastrtps_cpp: 6.2.10 (/opt/ros/humble/share/rmw_fastrtps_cpp/cmake)
-- Found OpenSSL: /usr/lib/aarch64-linux-gnu/libcrypto.so (found version "3.0.2")  
-- Found FastRTPS: /opt/ros/humble/include  
-- Using RMW implementation 'rmw_fastrtps_cpp' as default
-- Looking for pthread.h
-- Looking for pthread.h - found
-- Performing Test CMAKE_HAVE_LIBC_PTHREAD
-- Performing Test CMAKE_HAVE_LIBC_PTHREAD - Success
-- Found Threads: TRUE  
-- Found stereo_msgs: 4.9.1 (/opt/ros/humble/share/stereo_msgs/cmake)
-- Found vision_msgs: 4.1.1 (/opt/ros/humble/share/vision_msgs/cmake)
-- Found cv_bridge: 3.2.1 (/opt/ros/humble/share/cv_bridge/cmake)
-- Found image_transport: 3.1.12 (/opt/ros/humble/share/image_transport/cmake)
-- Found OpenCV: /usr (found version "4.5.4") 
-- Found ament_lint_auto: 0.12.15 (/opt/ros/humble/share/ament_lint_auto/cmake)
-- Added test 'cppcheck' to perform static code analysis on C / C++ code
-- Configured cppcheck include dirs: $<BUILD_INTERFACE:/Users/annabethpan/Documents/GitHub/AVC-Ros-humble/ros2-humble-ws/src/yolo_stereo/include>
-- Configured cppcheck exclude dirs and/or files: 
-- Added test 'lint_cmake' to check CMake code style
-- Added test 'uncrustify' to check C / C++ code style
-- Configured uncrustify additional arguments: 
-- Added test 'xmllint' to check XML markup files
-- Configuring done
-- Generating done
-- Build files have been written to: /Users/annabethpan/Documents/GitHub/AVC-Ros-humble/ros2-humble-ws/build/yolo_stereo
[ 50%] [32mBuilding CXX object CMakeFiles/YoloDepthFuser.dir/src/YoloDepthFuser.cpp.o[0m
[100%] [32m[1mLinking CXX executable YoloDepthFuser[0m
/bin/ld: warning: libcharls.so.2, needed by /lib/aarch64-linux-gnu/libgdcmMSFF.so.3.0, not found (try using -rpath or -rpath-link)
/bin/ld: warning: libcfitsio.so.9, needed by /lib/libgdal.so.30, not found (try using -rpath or -rpath-link)
/bin/ld: /lib/libgdal.so.30: undefined reference to `fficol'
/bin/ld: /lib/libgdal.so.30: undefined reference to `ffghof'
/bin/ld: /lib/libgdal.so.30: undefined reference to `ffgtclll'
/bin/ld: /lib/libgdal.so.30: undefined reference to `ffpcl'
/bin/ld: /lib/libgdal.so.30: undefined reference to `ffcrtb'
/bin/ld: /lib/libgdal.so.30: undefined reference to `ffgkls'
/bin/ld: /lib/libgdal.so.30: undefined reference to `ffgcx'
/bin/ld: /lib/aarch64-linux-gnu/libgdcmMSFF.so.3.0: undefined reference to `JpegLsEncode'
/bin/ld: /lib/libgdal.so.30: undefined reference to `ffpcls'
/bin/ld: /lib/aarch64-linux-gnu/libgdcmMSFF.so.3.0: undefined reference to `JpegLsReadHeader'
/bin/ld: /lib/libgdal.so.30: undefined reference to `ffplsw'
/bin/ld: /lib/libgdal.so.30: undefined reference to `ffgncl'
/bin/ld: /lib/libgdal.so.30: undefined reference to `ffclos'
/bin/ld: /lib/libgdal.so.30: undefined reference to `ffgbclll'
/bin/ld: /lib/aarch64-linux-gnu/libgdcmMSFF.so.3.0: undefined reference to `JpegLsDecode'
/bin/ld: /lib/libgdal.so.30: undefined reference to `ffcrim'
/bin/ld: /lib/libgdal.so.30: undefined reference to `ffmahd'
/bin/ld: /lib/libgdal.so.30: undefined reference to `ffukls'
/bin/ld: /lib/libgdal.so.30: undefined reference to `ffgnrwll'
/bin/ld: /lib/libgdal.so.30: undefined reference to `ffppr'
/bin/ld: /lib/libgdal.so.30: undefined reference to `ffgkyn'
/bin/ld: /lib/libgdal.so.30: undefined reference to `ffpclx'
/bin/ld: /lib/libgdal.so.30: undefined reference to `ffgcv'
/bin/ld: /lib/libgdal.so.30: undefined reference to `ffghbnll'
/bin/ld: /lib/libgdal.so.30: undefined reference to `ffdrow'
/bin/ld: /lib/libgdal.so.30: undefined reference to `ffgky'
/bin/ld: /lib/libgdal.so.30: undefined reference to `ffgpv'
/bin/ld: /lib/libgdal.so.30: undefined reference to `ffghsp'
/bin/ld: /lib/libgdal.so.30: undefined reference to `ffgdesll'
/bin/ld: /lib/libgdal.so.30: undefined reference to `ffopentest'
/bin/ld: /lib/libgdal.so.30: undefined reference to `ffuky'
/bin/ld: /lib/libgdal.so.30: undefined reference to `ffinit'
/bin/ld: /lib/libgdal.so.30: undefined reference to `ffthdu'
/bin/ld: /lib/libgdal.so.30: undefined reference to `ffgcvs'
/bin/ld: /lib/libgdal.so.30: undefined reference to `ffgipr'
/bin/ld: /lib/libgdal.so.30: undefined reference to `fits_is_compressed_image'
collect2: error: ld returned 1 exit status
gmake[2]: *** [CMakeFiles/YoloDepthFuser.dir/build.make:248: YoloDepthFuser] Error 1
gmake[1]: *** [CMakeFiles/Makefile2:137: CMakeFiles/YoloDepthFuser.dir/all] Error 2
gmake: *** [Makefile:146: all] Error 2
