[0.019s] Invoking command in '/Users/annabethpan/Documents/GitHub/AVC-Ros-humble/ros2-humble-ws/build/yolo_stereo': CMAKE_PREFIX_PATH=/opt/ros/humble /bin/cmake /Users/annabethpan/Documents/GitHub/AVC-Ros-humble/ros2-humble-ws/src/yolo_stereo -DCMAKE_INSTALL_PREFIX=/Users/annabethpan/Documents/GitHub/AVC-Ros-humble/ros2-humble-ws/install/yolo_stereo
[0.171s] -- The C compiler identification is GNU 11.4.0
[0.264s] -- The CXX compiler identification is GNU 11.4.0
[0.276s] -- Detecting C compiler ABI info
[0.382s] -- Detecting C compiler ABI info - done
[0.393s] -- Check for working C compiler: /bin/cc - skipped
[0.394s] -- Detecting C compile features
[0.395s] -- Detecting C compile features - done
[0.404s] -- Detecting CXX compiler ABI info
[0.519s] -- Detecting CXX compiler ABI info - done
[0.529s] -- Check for working CXX compiler: /bin/c++ - skipped
[0.530s] -- Detecting CXX compile features
[0.531s] -- Detecting CXX compile features - done
[0.536s] -- Found ament_cmake: 1.3.14 (/opt/ros/humble/share/ament_cmake/cmake)
[0.660s] -- Found Python3: /bin/python3 (found version "3.10.12") found components: Interpreter 
[0.745s] -- Found rclcpp: 16.0.19 (/opt/ros/humble/share/rclcpp/cmake)
[0.788s] -- Found rosidl_generator_c: 3.1.8 (/opt/ros/humble/share/rosidl_generator_c/cmake)
[0.791s] -- Found rosidl_adapter: 3.1.8 (/opt/ros/humble/share/rosidl_adapter/cmake)
[0.799s] -- Found rosidl_generator_cpp: 3.1.8 (/opt/ros/humble/share/rosidl_generator_cpp/cmake)
[0.811s] -- Using all available rosidl_typesupport_c: rosidl_typesupport_fastrtps_c;rosidl_typesupport_introspection_c
[0.829s] -- Using all available rosidl_typesupport_cpp: rosidl_typesupport_fastrtps_cpp;rosidl_typesupport_introspection_cpp
[0.871s] -- Found rmw_implementation_cmake: 6.1.2 (/opt/ros/humble/share/rmw_implementation_cmake/cmake)
[0.872s] -- Found rmw_fastrtps_cpp: 6.2.10 (/opt/ros/humble/share/rmw_fastrtps_cpp/cmake)
[0.951s] -- Found OpenSSL: /usr/lib/aarch64-linux-gnu/libcrypto.so (found version "3.0.2")  
[0.986s] -- Found FastRTPS: /opt/ros/humble/include  
[1.040s] -- Using RMW implementation 'rmw_fastrtps_cpp' as default
[1.054s] -- Looking for pthread.h
[1.158s] -- Looking for pthread.h - found
[1.159s] -- Performing Test CMAKE_HAVE_LIBC_PTHREAD
[1.266s] -- Performing Test CMAKE_HAVE_LIBC_PTHREAD - Success
[1.267s] -- Found Threads: TRUE  
[1.328s] -- Found stereo_msgs: 4.9.1 (/opt/ros/humble/share/stereo_msgs/cmake)
[1.384s] -- Found vision_msgs: 4.1.1 (/opt/ros/humble/share/vision_msgs/cmake)
[1.402s] -- Found cv_bridge: 3.2.1 (/opt/ros/humble/share/cv_bridge/cmake)
[1.417s] -- Found image_transport: 3.1.12 (/opt/ros/humble/share/image_transport/cmake)
[1.461s] -- Found OpenCV: /usr (found version "4.5.4") 
[1.464s] -- Found ament_lint_auto: 0.12.15 (/opt/ros/humble/share/ament_lint_auto/cmake)
[1.556s] -- Added test 'cppcheck' to perform static code analysis on C / C++ code
[1.557s] -- Configured cppcheck include dirs: $<BUILD_INTERFACE:/Users/annabethpan/Documents/GitHub/AVC-Ros-humble/ros2-humble-ws/src/yolo_stereo/include>
[1.557s] -- Configured cppcheck exclude dirs and/or files: 
[1.560s] -- Added test 'lint_cmake' to check CMake code style
[1.570s] -- Added test 'uncrustify' to check C / C++ code style
[1.570s] -- Configured uncrustify additional arguments: 
[1.572s] -- Added test 'xmllint' to check XML markup files
[1.583s] -- Configuring done
[1.633s] -- Generating done
[1.655s] -- Build files have been written to: /Users/annabethpan/Documents/GitHub/AVC-Ros-humble/ros2-humble-ws/build/yolo_stereo
[1.663s] Invoked command in '/Users/annabethpan/Documents/GitHub/AVC-Ros-humble/ros2-humble-ws/build/yolo_stereo' returned '0': CMAKE_PREFIX_PATH=/opt/ros/humble /bin/cmake /Users/annabethpan/Documents/GitHub/AVC-Ros-humble/ros2-humble-ws/src/yolo_stereo -DCMAKE_INSTALL_PREFIX=/Users/annabethpan/Documents/GitHub/AVC-Ros-humble/ros2-humble-ws/install/yolo_stereo
[1.666s] Invoking command in '/Users/annabethpan/Documents/GitHub/AVC-Ros-humble/ros2-humble-ws/build/yolo_stereo': CMAKE_PREFIX_PATH=/opt/ros/humble /bin/cmake --build /Users/annabethpan/Documents/GitHub/AVC-Ros-humble/ros2-humble-ws/build/yolo_stereo -- -j4 -l4
[1.711s] [ 50%] [32mBuilding CXX object CMakeFiles/YoloDepthFuser.dir/src/YoloDepthFuser.cpp.o[0m
[14.787s] [100%] [32m[1mLinking CXX executable YoloDepthFuser[0m
[15.242s] /bin/ld: warning: libcharls.so.2, needed by /lib/aarch64-linux-gnu/libgdcmMSFF.so.3.0, not found (try using -rpath or -rpath-link)
[15.291s] /bin/ld: warning: libcfitsio.so.9, needed by /lib/libgdal.so.30, not found (try using -rpath or -rpath-link)
[16.110s] /bin/ld: /lib/libgdal.so.30: undefined reference to `fficol'
[16.111s] /bin/ld: /lib/libgdal.so.30: undefined reference to `ffghof'
[16.112s] /bin/ld: /lib/libgdal.so.30: undefined reference to `ffgtclll'
[16.113s] /bin/ld: /lib/libgdal.so.30: undefined reference to `ffpcl'
[16.114s] /bin/ld: /lib/libgdal.so.30: undefined reference to `ffcrtb'
[16.115s] /bin/ld: /lib/libgdal.so.30: undefined reference to `ffgkls'
[16.115s] /bin/ld: /lib/libgdal.so.30: undefined reference to `ffgcx'
[16.116s] /bin/ld: /lib/aarch64-linux-gnu/libgdcmMSFF.so.3.0: undefined reference to `JpegLsEncode'
[16.117s] /bin/ld: /lib/libgdal.so.30: undefined reference to `ffpcls'
[16.117s] /bin/ld: /lib/aarch64-linux-gnu/libgdcmMSFF.so.3.0: undefined reference to `JpegLsReadHeader'
[16.118s] /bin/ld: /lib/libgdal.so.30: undefined reference to `ffplsw'
[16.121s] /bin/ld: /lib/libgdal.so.30: undefined reference to `ffgncl'
[16.122s] /bin/ld: /lib/libgdal.so.30: undefined reference to `ffclos'
[16.123s] /bin/ld: /lib/libgdal.so.30: undefined reference to `ffgbclll'
[16.124s] /bin/ld: /lib/aarch64-linux-gnu/libgdcmMSFF.so.3.0: undefined reference to `JpegLsDecode'
[16.125s] /bin/ld: /lib/libgdal.so.30: undefined reference to `ffcrim'
[16.126s] /bin/ld: /lib/libgdal.so.30: undefined reference to `ffmahd'
[16.126s] /bin/ld: /lib/libgdal.so.30: undefined reference to `ffukls'
[16.127s] /bin/ld: /lib/libgdal.so.30: undefined reference to `ffgnrwll'
[16.128s] /bin/ld: /lib/libgdal.so.30: undefined reference to `ffppr'
[16.128s] /bin/ld: /lib/libgdal.so.30: undefined reference to `ffgkyn'
[16.129s] /bin/ld: /lib/libgdal.so.30: undefined reference to `ffpclx'
[16.130s] /bin/ld: /lib/libgdal.so.30: undefined reference to `ffgcv'
[16.130s] /bin/ld: /lib/libgdal.so.30: undefined reference to `ffghbnll'
[16.132s] /bin/ld: /lib/libgdal.so.30: undefined reference to `ffdrow'
[16.132s] /bin/ld: /lib/libgdal.so.30: undefined reference to `ffgky'
[16.133s] /bin/ld: /lib/libgdal.so.30: undefined reference to `ffgpv'
[16.134s] /bin/ld: /lib/libgdal.so.30: undefined reference to `ffghsp'
[16.135s] /bin/ld: /lib/libgdal.so.30: undefined reference to `ffgdesll'
[16.135s] /bin/ld: /lib/libgdal.so.30: undefined reference to `ffopentest'
[16.136s] /bin/ld: /lib/libgdal.so.30: undefined reference to `ffuky'
[16.137s] /bin/ld: /lib/libgdal.so.30: undefined reference to `ffinit'
[16.137s] /bin/ld: /lib/libgdal.so.30: undefined reference to `ffthdu'
[16.138s] /bin/ld: /lib/libgdal.so.30: undefined reference to `ffgcvs'
[16.139s] /bin/ld: /lib/libgdal.so.30: undefined reference to `ffgipr'
[16.139s] /bin/ld: /lib/libgdal.so.30: undefined reference to `fits_is_compressed_image'
[16.365s] collect2: error: ld returned 1 exit status
[16.368s] gmake[2]: *** [CMakeFiles/YoloDepthFuser.dir/build.make:248: YoloDepthFuser] Error 1
[16.369s] gmake[1]: *** [CMakeFiles/Makefile2:137: CMakeFiles/YoloDepthFuser.dir/all] Error 2
[16.373s] gmake: *** [Makefile:146: all] Error 2
[16.377s] Invoked command in '/Users/annabethpan/Documents/GitHub/AVC-Ros-humble/ros2-humble-ws/build/yolo_stereo' returned '2': CMAKE_PREFIX_PATH=/opt/ros/humble /bin/cmake --build /Users/annabethpan/Documents/GitHub/AVC-Ros-humble/ros2-humble-ws/build/yolo_stereo -- -j4 -l4
