[0.000000] (-) TimerEvent: {}
[0.000388] (yolo_stereo) JobQueued: {'identifier': 'yolo_stereo', 'dependencies': OrderedDict()}
[0.000806] (yolo_stereo) JobStarted: {'identifier': 'yolo_stereo'}
[0.010705] (yolo_stereo) JobProgress: {'identifier': 'yolo_stereo', 'progress': 'cmake'}
[0.013708] (yolo_stereo) JobProgress: {'identifier': 'yolo_stereo', 'progress': 'build'}
[0.014728] (yolo_stereo) Command: {'cmd': ['/bin/cmake', '--build', '/Users/annabethpan/Documents/GitHub/AVC-Ros-humble/ros2-humble-ws/build/yolo_stereo', '--', '-j4', '-l4'], 'cwd': '/Users/annabethpan/Documents/GitHub/AVC-Ros-humble/ros2-humble-ws/build/yolo_stereo', 'env': OrderedDict([('TERM_SESSION_ID', 'F8805518-9F68-4CEF-84BF-7F1FAFE76B3B'), ('USER', 'annabethpan'), ('HOSTNAME', 'Annabeths-MacBook-Air.local'), ('XDG_CACHE_HOME', '/Users/annabethpan/.cache'), ('SHLVL', '4'), ('LD_LIBRARY_PATH', '/opt/ros/humble/opt/rviz_ogre_vendor/lib:/opt/ros/humble/lib/aarch64-linux-gnu:/opt/ros/humble/lib'), ('HOME', '/Users/annabethpan'), ('CONDA_SHLVL', '0'), ('OLDPWD', '/Users/annabethpan/Documents/GitHub/AVC-Ros-humble/ros2-humble-ws/my_opencv_demo/src'), ('TERM_PROGRAM_VERSION', '453'), ('ROS_PYTHON_VERSION', '3'), ('XDG_STATE_HOME', '/Users/annabethpan/.local/state'), ('DISTROBOX_ENTER_PATH', '/usr/local/bin/distrobox-enter'), ('container', 'podman'), ('INFOPATH', '/opt/homebrew/share/info:/opt/homebrew/share/info:/opt/homebrew/share/info:'), ('TMPDIR', '/var/folders/xg/qv5s5tdj7j583p8z2m8zbp900000gn/T/'), ('ROS_DISTRO', 'humble'), ('LOGNAME', 'annabethpan'), ('_', '/bin/colcon'), ('TERMINFO_DIRS', '/usr/share/terminfo:/run/host/usr/share/terminfo'), ('ROS_VERSION', '2'), ('TERM', 'xterm-256color'), ('ROS_LOCALHOST_ONLY', '0'), ('PATH', '/opt/ros/humble/bin:/Users/annabethpan/../../Users/annabethpan/Library/Python/3.9/bin:/bin:/usr/bin:/usr/local/bin:/sbin:/Applications/Visual Studio Code.app/Contents/Resources/app/bin:/usr/local/share/dotnet:/Users/annabethpan/.platformio/penv/bin'), ('MAMBA_ROOT_PREFIX', '/Users/annabethpan/micromamba'), ('LANG', 'en_US.UTF-8'), ('XDG_CONFIG_HOME', '/Users/annabethpan/.config'), ('XDG_DATA_HOME', '/Users/annabethpan/.local/share'), ('TERM_PROGRAM', 'Apple_Terminal'), ('SSH_AUTH_SOCK', '/private/tmp/com.apple.launchd.hRZniw5IWu/Listeners'), ('AMENT_PREFIX_PATH', '/opt/ros/humble'), ('SHELL', 'zsh'), ('MAMBA_EXE', '/Users/annabethpan/.local/bin/micromamba'), ('CONTAINER_ID', 'ROSBOX-HUMBLE'), ('PWD', '/Users/annabethpan/Documents/GitHub/AVC-Ros-humble/ros2-humble-ws/build/yolo_stereo'), ('XDG_CONFIG_DIRS', '/etc/xdg'), ('XDG_DATA_DIRS', '/usr/local/share:/usr/share'), ('PYTHONPATH', '/opt/ros/humble/lib/python3.10/site-packages:/opt/ros/humble/local/lib/python3.10/dist-packages'), ('XPC_FLAGS', '0x0'), ('COLCON', '1'), ('XPC_SERVICE_NAME', '0'), ('CMAKE_PREFIX_PATH', '/opt/ros/humble')]), 'shell': False}
[0.099359] (-) TimerEvent: {}
[0.111587] (yolo_stereo) StdoutLine: {'line': b'\x1b[35m\x1b[1mConsolidate compiler generated dependencies of target YoloDepthFuser\x1b[0m\n'}
[0.204034] (-) TimerEvent: {}
[0.304571] (-) TimerEvent: {}
[0.342171] (yolo_stereo) StdoutLine: {'line': b'[ 50%] \x1b[32m\x1b[1mLinking CXX executable YoloDepthFuser\x1b[0m\n'}
[0.409694] (-) TimerEvent: {}
[0.530050] (-) TimerEvent: {}
[0.635597] (-) TimerEvent: {}
[0.741095] (-) TimerEvent: {}
[0.846849] (-) TimerEvent: {}
[0.881398] (yolo_stereo) StderrLine: {'line': b'/bin/ld: warning: libcharls.so.2, needed by /lib/aarch64-linux-gnu/libgdcmMSFF.so.3.0, not found (try using -rpath or -rpath-link)\n'}
[0.916859] (yolo_stereo) StderrLine: {'line': b'/bin/ld: warning: libcfitsio.so.9, needed by /lib/libgdal.so.30, not found (try using -rpath or -rpath-link)\n'}
[0.951935] (-) TimerEvent: {}
[1.057391] (-) TimerEvent: {}
[1.162952] (-) TimerEvent: {}
[1.268527] (-) TimerEvent: {}
[1.370483] (-) TimerEvent: {}
[1.476101] (-) TimerEvent: {}
[1.577301] (-) TimerEvent: {}
[1.638048] (yolo_stereo) StderrLine: {'line': b"/bin/ld: /lib/libgdal.so.30: undefined reference to `fficol'\n"}
[1.638825] (yolo_stereo) StderrLine: {'line': b"/bin/ld: /lib/libgdal.so.30: undefined reference to `ffghof'\n"}
[1.640532] (yolo_stereo) StderrLine: {'line': b"/bin/ld: /lib/libgdal.so.30: undefined reference to `ffgtclll'\n"}
[1.641219] (yolo_stereo) StderrLine: {'line': b"/bin/ld: /lib/libgdal.so.30: undefined reference to `ffpcl'\n"}
[1.641845] (yolo_stereo) StderrLine: {'line': b"/bin/ld: /lib/libgdal.so.30: undefined reference to `ffcrtb'\n"}
[1.643044] (yolo_stereo) StderrLine: {'line': b"/bin/ld: /lib/libgdal.so.30: undefined reference to `ffgkls'\n"}
[1.643705] (yolo_stereo) StderrLine: {'line': b"/bin/ld: /lib/libgdal.so.30: undefined reference to `ffgcx'\n"}
[1.644364] (yolo_stereo) StderrLine: {'line': b"/bin/ld: /lib/aarch64-linux-gnu/libgdcmMSFF.so.3.0: undefined reference to `JpegLsEncode'\n"}
[1.645064] (yolo_stereo) StderrLine: {'line': b"/bin/ld: /lib/libgdal.so.30: undefined reference to `ffpcls'\n"}
[1.645765] (yolo_stereo) StderrLine: {'line': b"/bin/ld: /lib/aarch64-linux-gnu/libgdcmMSFF.so.3.0: undefined reference to `JpegLsReadHeader'\n"}
[1.646431] (yolo_stereo) StderrLine: {'line': b"/bin/ld: /lib/libgdal.so.30: undefined reference to `ffplsw'\n"}
[1.650143] (yolo_stereo) StderrLine: {'line': b"/bin/ld: /lib/libgdal.so.30: undefined reference to `ffgncl'\n"}
[1.650913] (yolo_stereo) StderrLine: {'line': b"/bin/ld: /lib/libgdal.so.30: undefined reference to `ffclos'\n"}
[1.651556] (yolo_stereo) StderrLine: {'line': b"/bin/ld: /lib/libgdal.so.30: undefined reference to `ffgbclll'\n"}
[1.652234] (yolo_stereo) StderrLine: {'line': b"/bin/ld: /lib/aarch64-linux-gnu/libgdcmMSFF.so.3.0: undefined reference to `JpegLsDecode'\n"}
[1.652882] (yolo_stereo) StderrLine: {'line': b"/bin/ld: /lib/libgdal.so.30: undefined reference to `ffcrim'\n"}
[1.653544] (yolo_stereo) StderrLine: {'line': b"/bin/ld: /lib/libgdal.so.30: undefined reference to `ffmahd'\n"}
[1.654221] (yolo_stereo) StderrLine: {'line': b"/bin/ld: /lib/libgdal.so.30: undefined reference to `ffukls'\n"}
[1.654931] (yolo_stereo) StderrLine: {'line': b"/bin/ld: /lib/libgdal.so.30: undefined reference to `ffgnrwll'\n"}
[1.655595] (yolo_stereo) StderrLine: {'line': b"/bin/ld: /lib/libgdal.so.30: undefined reference to `ffppr'\n"}
[1.656232] (yolo_stereo) StderrLine: {'line': b"/bin/ld: /lib/libgdal.so.30: undefined reference to `ffgkyn'\n"}
[1.656899] (yolo_stereo) StderrLine: {'line': b"/bin/ld: /lib/libgdal.so.30: undefined reference to `ffpclx'\n"}
[1.658171] (yolo_stereo) StderrLine: {'line': b"/bin/ld: /lib/libgdal.so.30: undefined reference to `ffgcv'\n"}
[1.658869] (yolo_stereo) StderrLine: {'line': b"/bin/ld: /lib/libgdal.so.30: undefined reference to `ffghbnll'\n"}
[1.660769] (yolo_stereo) StderrLine: {'line': b"/bin/ld: /lib/libgdal.so.30: undefined reference to `ffdrow'\n"}
[1.661406] (yolo_stereo) StderrLine: {'line': b"/bin/ld: /lib/libgdal.so.30: undefined reference to `ffgky'\n"}
[1.662057] (yolo_stereo) StderrLine: {'line': b"/bin/ld: /lib/libgdal.so.30: undefined reference to `ffgpv'\n"}
[1.662690] (yolo_stereo) StderrLine: {'line': b"/bin/ld: /lib/libgdal.so.30: undefined reference to `ffghsp'\n"}
[1.663353] (yolo_stereo) StderrLine: {'line': b"/bin/ld: /lib/libgdal.so.30: undefined reference to `ffgdesll'\n"}
[1.664030] (yolo_stereo) StderrLine: {'line': b"/bin/ld: /lib/libgdal.so.30: undefined reference to `ffopentest'\n"}
[1.664666] (yolo_stereo) StderrLine: {'line': b"/bin/ld: /lib/libgdal.so.30: undefined reference to `ffuky'\n"}
[1.665809] (yolo_stereo) StderrLine: {'line': b"/bin/ld: /lib/libgdal.so.30: undefined reference to `ffinit'\n"}
[1.666451] (yolo_stereo) StderrLine: {'line': b"/bin/ld: /lib/libgdal.so.30: undefined reference to `ffthdu'\n"}
[1.667113] (yolo_stereo) StderrLine: {'line': b"/bin/ld: /lib/libgdal.so.30: undefined reference to `ffgcvs'\n"}
[1.667887] (yolo_stereo) StderrLine: {'line': b"/bin/ld: /lib/libgdal.so.30: undefined reference to `ffgipr'\n"}
[1.668750] (yolo_stereo) StderrLine: {'line': b"/bin/ld: /lib/libgdal.so.30: undefined reference to `fits_is_compressed_image'\n"}
[1.679415] (-) TimerEvent: {}
[1.780456] (-) TimerEvent: {}
[1.884802] (-) TimerEvent: {}
[1.902831] (yolo_stereo) StderrLine: {'line': b'collect2: error: ld returned 1 exit status\n'}
[1.904887] (yolo_stereo) StderrLine: {'line': b'gmake[2]: *** [CMakeFiles/YoloDepthFuser.dir/build.make:248: YoloDepthFuser] Error 1\n'}
[1.905719] (yolo_stereo) StderrLine: {'line': b'gmake[1]: *** [CMakeFiles/Makefile2:137: CMakeFiles/YoloDepthFuser.dir/all] Error 2\n'}
[1.906426] (yolo_stereo) StderrLine: {'line': b'gmake: *** [Makefile:146: all] Error 2\n'}
[1.908349] (yolo_stereo) CommandEnded: {'returncode': 2}
[1.928577] (yolo_stereo) JobEnded: {'identifier': 'yolo_stereo', 'rc': 2}
[1.941503] (-) EventReactorShutdown: {}
